2023-06-08 19:01:38.991 INFO  [main] org.mnotario.angular.PruebaAngularApplication - Starting PruebaAngularApplication using Java 17.0.5 with PID 18448 (C:\Users\marco\OneDrive\Escritorio\TRABAJO FIN DE CURSO\tfg\tfg\target\classes started by marco in C:\Users\marco\OneDrive\Escritorio\TRABAJO FIN DE CURSO\tfg\tfg)
2023-06-08 19:01:39.019 INFO  [main] org.mnotario.angular.PruebaAngularApplication - No active profile set, falling back to 1 default profile: "default"
2023-06-08 19:01:40.223 INFO  [main] org.springframework.data.repository.config.RepositoryConfigurationDelegate - Bootstrapping Spring Data JPA repositories in DEFAULT mode.
2023-06-08 19:01:40.347 INFO  [main] org.springframework.data.repository.config.RepositoryConfigurationDelegate - Finished Spring Data repository scanning in 107 ms. Found 5 JPA repository interfaces.
2023-06-08 19:01:41.262 INFO  [main] org.springframework.boot.web.embedded.tomcat.TomcatWebServer - Tomcat initialized with port(s): 8080 (http)
2023-06-08 19:01:41.280 INFO  [main] org.apache.coyote.http11.Http11NioProtocol - Initializing ProtocolHandler ["http-nio-8080"]
2023-06-08 19:01:41.282 INFO  [main] org.apache.catalina.core.StandardService - Starting service [Tomcat]
2023-06-08 19:01:41.282 INFO  [main] org.apache.catalina.core.StandardEngine - Starting Servlet engine: [Apache Tomcat/10.1.5]
2023-06-08 19:01:41.449 INFO  [main] org.apache.catalina.core.ContainerBase.[Tomcat].[localhost].[/] - Initializing Spring embedded WebApplicationContext
2023-06-08 19:01:41.449 INFO  [main] org.springframework.boot.web.servlet.context.ServletWebServerApplicationContext - Root WebApplicationContext: initialization completed in 2358 ms
2023-06-08 19:01:41.791 INFO  [main] org.hibernate.jpa.internal.util.LogHelper - HHH000204: Processing PersistenceUnitInfo [name: default]
2023-06-08 19:01:41.893 INFO  [main] org.hibernate.Version - HHH000412: Hibernate ORM core version 6.1.7.Final
2023-06-08 19:01:42.441 INFO  [main] com.zaxxer.hikari.HikariDataSource - HikariPool-1 - Starting...
2023-06-08 19:01:42.722 INFO  [main] com.zaxxer.hikari.pool.HikariPool - HikariPool-1 - Added connection com.mysql.cj.jdbc.ConnectionImpl@22aefae0
2023-06-08 19:01:42.725 INFO  [main] com.zaxxer.hikari.HikariDataSource - HikariPool-1 - Start completed.
2023-06-08 19:01:42.791 WARN  [main] org.hibernate.dialect.Dialect - HHH000511: The 5.5.0 version for [org.hibernate.dialect.MariaDBDialect] is no longer supported, hence certain features may not work properly. The minimum supported version is 5.7.0. Check the community dialects project for available legacy versions.
2023-06-08 19:01:42.803 INFO  [main] SQL dialect - HHH000400: Using dialect: org.hibernate.dialect.MariaDBDialect
2023-06-08 19:01:44.389 INFO  [main] org.hibernate.engine.transaction.jta.platform.internal.JtaPlatformInitiator - HHH000490: Using JtaPlatform implementation: [org.hibernate.engine.transaction.jta.platform.internal.NoJtaPlatform]
2023-06-08 19:01:44.406 INFO  [main] org.springframework.orm.jpa.LocalContainerEntityManagerFactoryBean - Initialized JPA EntityManagerFactory for persistence unit 'default'
2023-06-08 19:01:45.169 WARN  [main] org.springframework.boot.autoconfigure.orm.jpa.JpaBaseConfiguration$JpaWebConfiguration - spring.jpa.open-in-view is enabled by default. Therefore, database queries may be performed during view rendering. Explicitly configure spring.jpa.open-in-view to disable this warning
2023-06-08 19:01:45.739 INFO  [main] org.apache.coyote.http11.Http11NioProtocol - Starting ProtocolHandler ["http-nio-8080"]
2023-06-08 19:01:45.778 INFO  [main] org.springframework.boot.web.embedded.tomcat.TomcatWebServer - Tomcat started on port(s): 8080 (http) with context path ''
2023-06-08 19:01:45.792 INFO  [main] org.mnotario.angular.PruebaAngularApplication - Started PruebaAngularApplication in 7.517 seconds (process running for 9.439)
2023-06-08 19:02:29.789 INFO  [http-nio-8080-exec-1] org.apache.catalina.core.ContainerBase.[Tomcat].[localhost].[/] - Initializing Spring DispatcherServlet 'dispatcherServlet'
2023-06-08 19:02:29.790 INFO  [http-nio-8080-exec-1] org.springframework.web.servlet.DispatcherServlet - Initializing Servlet 'dispatcherServlet'
2023-06-08 19:02:29.792 INFO  [http-nio-8080-exec-1] org.springframework.web.servlet.DispatcherServlet - Completed initialization in 2 ms
2023-06-08 19:03:10.650 INFO  [http-nio-8080-exec-5] org.mnotario.angular.controllers.EventoController - GESTOR RECOGIDO
2023-06-08 19:03:10.650 INFO  [http-nio-8080-exec-5] org.mnotario.angular.controllers.EventoController - GESTOR ASIGNADO
2023-06-08 19:03:10.782 INFO  [http-nio-8080-exec-5] org.mnotario.angular.controllers.EventoController - EVENTO GUARDADO - 652
2023-06-08 20:11:59.362 INFO  [http-nio-8080-exec-1] org.mnotario.angular.controllers.EventoController - NOMBRE BUSCADO: PruebaEvento 10 junio
2023-06-08 22:13:23.156 WARN  [HikariPool-1 housekeeper] com.zaxxer.hikari.pool.HikariPool - HikariPool-1 - Thread starvation or clock leap detected (housekeeper delta=56m8s351ms551µs).
2023-06-08 23:01:54.281 INFO  [http-nio-8080-exec-3] org.mnotario.angular.controllers.EventoController - NOMBRE BUSCADO: PruebaEvento 10 junio
2023-06-08 23:05:25.371 INFO  [http-nio-8080-exec-7] org.mnotario.angular.controllers.EventoController - NOMBRE BUSCADO: PruebaEvento 10 junio
2023-06-08 23:05:50.650 INFO  [http-nio-8080-exec-8] org.mnotario.angular.controllers.EventoController - NOMBRE BUSCADO: PruebaEvento 10 junio
2023-06-08 23:05:56.445 INFO  [http-nio-8080-exec-9] org.mnotario.angular.controllers.EventoController - NOMBRE BUSCADO: PruebaEvento 10 junio
2023-06-08 23:06:26.468 INFO  [http-nio-8080-exec-10] org.mnotario.angular.controllers.EventoController - NOMBRE BUSCADO: PruebaEvento 10 junio
2023-06-08 23:07:07.536 INFO  [http-nio-8080-exec-1] org.mnotario.angular.controllers.EventoController - NOMBRE BUSCADO: PruebaEvento 10 junio
2023-06-08 23:07:30.570 INFO  [http-nio-8080-exec-2] org.mnotario.angular.controllers.EventoController - NOMBRE BUSCADO: PruebaEvento 10 junio
2023-06-08 23:07:34.876 INFO  [http-nio-8080-exec-3] org.mnotario.angular.controllers.EventoController - NOMBRE BUSCADO: PruebaEvento 10 junio
2023-06-08 23:07:36.470 INFO  [http-nio-8080-exec-4] org.mnotario.angular.controllers.EventoController - NOMBRE BUSCADO: PruebaEvento 10 junio
2023-06-08 23:07:41.162 INFO  [http-nio-8080-exec-5] org.mnotario.angular.controllers.EventoController - NOMBRE BUSCADO: PruebaEvento 10 junio
2023-06-08 23:07:42.489 INFO  [http-nio-8080-exec-6] org.mnotario.angular.controllers.EventoController - NOMBRE BUSCADO: PruebaEvento 10 junio
2023-06-08 23:07:43.918 INFO  [http-nio-8080-exec-7] org.mnotario.angular.controllers.EventoController - NOMBRE BUSCADO: PruebaEvento 10 junio
2023-06-08 23:08:24.528 INFO  [http-nio-8080-exec-8] org.mnotario.angular.controllers.EventoController - NOMBRE BUSCADO: PruebaEvento 10 junio
2023-06-08 23:08:28.081 INFO  [http-nio-8080-exec-9] org.mnotario.angular.controllers.EventoController - NOMBRE BUSCADO: PruebaEvento 10 junio
2023-06-08 23:08:29.814 INFO  [http-nio-8080-exec-10] org.mnotario.angular.controllers.EventoController - NOMBRE BUSCADO: PruebaEvento 10 junio
2023-06-08 23:08:33.887 INFO  [http-nio-8080-exec-1] org.mnotario.angular.controllers.EventoController - NOMBRE BUSCADO: PruebaEvento 10 junio
2023-06-08 23:08:51.491 INFO  [http-nio-8080-exec-2] org.mnotario.angular.controllers.EventoController - NOMBRE BUSCADO: PruebaEvento 10 junio
2023-06-08 23:08:57.125 INFO  [http-nio-8080-exec-3] org.mnotario.angular.controllers.EventoController - NOMBRE BUSCADO: PruebaEvento 10 junio
2023-06-08 23:09:00.147 INFO  [http-nio-8080-exec-4] org.mnotario.angular.controllers.EventoController - NOMBRE BUSCADO: PruebaEvento 10 junio
2023-06-08 23:09:06.771 INFO  [http-nio-8080-exec-5] org.mnotario.angular.controllers.EventoController - NOMBRE BUSCADO: PruebaEvento 10 junio
2023-06-08 23:09:08.607 INFO  [http-nio-8080-exec-6] org.mnotario.angular.controllers.EventoController - NOMBRE BUSCADO: PruebaEvento 10 junio
2023-06-08 23:09:16.789 INFO  [http-nio-8080-exec-8] org.mnotario.angular.controllers.EventoController - NOMBRE BUSCADO: PruebaEvento 10 junio
2023-06-08 23:09:19.084 INFO  [http-nio-8080-exec-9] org.mnotario.angular.controllers.EventoController - NOMBRE BUSCADO: PruebaEvento 10 junio
2023-06-08 23:09:22.334 INFO  [http-nio-8080-exec-10] org.mnotario.angular.controllers.EventoController - NOMBRE BUSCADO: PruebaEvento 10 junio
2023-06-08 23:09:24.860 INFO  [http-nio-8080-exec-1] org.mnotario.angular.controllers.EventoController - NOMBRE BUSCADO: PruebaEvento 10 junio
2023-06-08 23:09:37.662 INFO  [http-nio-8080-exec-2] org.mnotario.angular.controllers.EventoController - NOMBRE BUSCADO: PruebaEvento 10 junio
2023-06-08 23:09:38.922 INFO  [http-nio-8080-exec-3] org.mnotario.angular.controllers.EventoController - NOMBRE BUSCADO: PruebaEvento 10 junio
2023-06-08 23:09:40.392 INFO  [http-nio-8080-exec-4] org.mnotario.angular.controllers.EventoController - NOMBRE BUSCADO: PruebaEvento 10 junio
2023-06-08 23:09:46.966 INFO  [http-nio-8080-exec-5] org.mnotario.angular.controllers.EventoController - NOMBRE BUSCADO: PruebaEvento 10 junio
2023-06-08 23:09:58.017 INFO  [http-nio-8080-exec-6] org.mnotario.angular.controllers.EventoController - NOMBRE BUSCADO: PruebaEvento 10 junio
2023-06-08 23:10:02.470 INFO  [http-nio-8080-exec-7] org.mnotario.angular.controllers.EventoController - NOMBRE BUSCADO: PruebaEvento 10 junio
2023-06-08 23:10:03.490 INFO  [http-nio-8080-exec-8] org.mnotario.angular.controllers.EventoController - NOMBRE BUSCADO: PruebaEvento 10 junio
2023-06-08 23:10:07.275 INFO  [http-nio-8080-exec-10] org.mnotario.angular.controllers.EventoController - NOMBRE BUSCADO: PruebaEvento 10 junio
2023-06-08 23:10:16.067 INFO  [http-nio-8080-exec-1] org.mnotario.angular.controllers.EventoController - NOMBRE BUSCADO: PruebaEvento 10 junio
2023-06-08 23:10:20.606 INFO  [http-nio-8080-exec-3] org.mnotario.angular.controllers.EventoController - NOMBRE BUSCADO: PruebaEvento 10 junio
2023-06-08 23:10:27.809 INFO  [http-nio-8080-exec-4] org.mnotario.angular.controllers.EventoController - NOMBRE BUSCADO: PruebaEvento 10 junio
2023-06-08 23:10:33.395 INFO  [http-nio-8080-exec-6] org.mnotario.angular.controllers.EventoController - NOMBRE BUSCADO: PruebaEvento 10 junio
2023-06-08 23:10:39.066 INFO  [http-nio-8080-exec-7] org.mnotario.angular.controllers.EventoController - NOMBRE BUSCADO: PruebaEvento 10 junio
2023-06-08 23:10:52.423 INFO  [http-nio-8080-exec-8] org.mnotario.angular.controllers.EventoController - NOMBRE BUSCADO: PruebaEvento 10 junio
2023-06-08 23:11:11.276 INFO  [http-nio-8080-exec-9] org.mnotario.angular.controllers.EventoController - NOMBRE BUSCADO: PruebaEvento 10 junio
2023-06-08 23:11:22.764 INFO  [http-nio-8080-exec-10] org.mnotario.angular.controllers.EventoController - NOMBRE BUSCADO: PruebaEvento 10 junio
2023-06-08 23:11:38.822 INFO  [http-nio-8080-exec-1] org.mnotario.angular.controllers.EventoController - NOMBRE BUSCADO: PruebaEvento 10 junio
2023-06-08 23:12:34.086 INFO  [http-nio-8080-exec-2] org.mnotario.angular.controllers.EventoController - NOMBRE BUSCADO: PruebaEvento 10 junio
2023-06-08 23:12:37.011 INFO  [http-nio-8080-exec-3] org.mnotario.angular.controllers.EventoController - NOMBRE BUSCADO: PruebaEvento 10 junio
2023-06-08 23:12:48.060 INFO  [http-nio-8080-exec-4] org.mnotario.angular.controllers.EventoController - NOMBRE BUSCADO: PruebaEvento 10 junio
2023-06-08 23:12:51.185 INFO  [http-nio-8080-exec-5] org.mnotario.angular.controllers.EventoController - NOMBRE BUSCADO: PruebaEvento 10 junio
2023-06-08 23:13:09.840 INFO  [http-nio-8080-exec-6] org.mnotario.angular.controllers.EventoController - NOMBRE BUSCADO: PruebaEvento 10 junio
2023-06-08 23:13:26.695 INFO  [http-nio-8080-exec-7] org.mnotario.angular.controllers.EventoController - NOMBRE BUSCADO: PruebaEvento 10 junio
2023-06-08 23:13:36.890 INFO  [http-nio-8080-exec-8] org.mnotario.angular.controllers.EventoController - NOMBRE BUSCADO: PruebaEvento 10 junio
2023-06-08 23:13:42.602 INFO  [http-nio-8080-exec-9] org.mnotario.angular.controllers.EventoController - NOMBRE BUSCADO: PruebaEvento 10 junio
2023-06-08 23:13:59.221 INFO  [http-nio-8080-exec-10] org.mnotario.angular.controllers.EventoController - NOMBRE BUSCADO: PruebaEvento 10 junio
2023-06-08 23:14:00.668 INFO  [http-nio-8080-exec-1] org.mnotario.angular.controllers.EventoController - NOMBRE BUSCADO: PruebaEvento 10 junio
2023-06-08 23:14:03.321 INFO  [http-nio-8080-exec-2] org.mnotario.angular.controllers.EventoController - NOMBRE BUSCADO: PruebaEvento 10 junio
2023-06-08 23:14:16.549 INFO  [http-nio-8080-exec-3] org.mnotario.angular.controllers.EventoController - NOMBRE BUSCADO: PruebaEvento 10 junio
2023-06-08 23:14:22.538 INFO  [http-nio-8080-exec-4] org.mnotario.angular.controllers.EventoController - NOMBRE BUSCADO: PruebaEvento 10 junio
2023-06-08 23:14:32.980 INFO  [http-nio-8080-exec-5] org.mnotario.angular.controllers.EventoController - NOMBRE BUSCADO: PruebaEvento 10 junio
2023-06-08 23:14:44.315 INFO  [http-nio-8080-exec-6] org.mnotario.angular.controllers.EventoController - NOMBRE BUSCADO: PruebaEvento 10 junio
2023-06-08 23:14:54.200 INFO  [http-nio-8080-exec-7] org.mnotario.angular.controllers.EventoController - NOMBRE BUSCADO: PruebaEvento 10 junio
2023-06-08 23:15:15.461 INFO  [http-nio-8080-exec-8] org.mnotario.angular.controllers.EventoController - NOMBRE BUSCADO: PruebaEvento 10 junio
2023-06-08 23:15:21.968 INFO  [http-nio-8080-exec-9] org.mnotario.angular.controllers.EventoController - NOMBRE BUSCADO: PruebaEvento 10 junio
2023-06-08 23:15:34.803 INFO  [http-nio-8080-exec-10] org.mnotario.angular.controllers.EventoController - NOMBRE BUSCADO: PruebaEvento 10 junio
2023-06-08 23:16:42.664 INFO  [http-nio-8080-exec-2] org.mnotario.angular.controllers.EventoController - NOMBRE BUSCADO: PruebaEvento 10 junio
2023-06-08 23:16:55.070 INFO  [http-nio-8080-exec-4] org.mnotario.angular.controllers.EventoController - NOMBRE BUSCADO: PruebaEvento 10 junio
2023-06-08 23:17:13.228 INFO  [http-nio-8080-exec-6] org.mnotario.angular.controllers.EventoController - NOMBRE BUSCADO: PruebaEvento 10 junio
2023-06-08 23:17:19.957 INFO  [http-nio-8080-exec-8] org.mnotario.angular.controllers.EventoController - NOMBRE BUSCADO: PruebaEvento 10 junio
2023-06-08 23:17:26.061 INFO  [http-nio-8080-exec-10] org.mnotario.angular.controllers.EventoController - NOMBRE BUSCADO: PruebaEvento 10 junio
2023-06-08 23:17:51.052 INFO  [http-nio-8080-exec-2] org.mnotario.angular.controllers.EventoController - NOMBRE BUSCADO: PruebaEvento 10 junio
2023-06-08 23:18:03.119 INFO  [http-nio-8080-exec-4] org.mnotario.angular.controllers.EventoController - NOMBRE BUSCADO: PruebaEvento 10 junio
2023-06-08 23:18:05.033 INFO  [http-nio-8080-exec-5] org.mnotario.angular.controllers.EventoController - NOMBRE BUSCADO: PruebaEvento 10 junio
2023-06-08 23:18:11.490 INFO  [http-nio-8080-exec-7] org.mnotario.angular.controllers.EventoController - NOMBRE BUSCADO: PruebaEvento 10 junio
2023-06-08 23:18:22.723 INFO  [http-nio-8080-exec-8] org.mnotario.angular.controllers.EventoController - NOMBRE BUSCADO: PruebaEvento 10 junio
2023-06-08 23:18:36.927 INFO  [http-nio-8080-exec-9] org.mnotario.angular.controllers.EventoController - NOMBRE BUSCADO: PruebaEvento 10 junio
2023-06-08 23:19:27.655 INFO  [http-nio-8080-exec-1] org.mnotario.angular.controllers.EventoController - NOMBRE BUSCADO: PruebaEvento 10 junio
2023-06-08 23:19:40.749 INFO  [http-nio-8080-exec-2] org.mnotario.angular.controllers.EventoController - NOMBRE BUSCADO: PruebaEvento 10 junio
2023-06-08 23:19:43.113 INFO  [http-nio-8080-exec-3] org.mnotario.angular.controllers.EventoController - NOMBRE BUSCADO: PruebaEvento 10 junio
2023-06-08 23:19:44.977 INFO  [http-nio-8080-exec-4] org.mnotario.angular.controllers.EventoController - NOMBRE BUSCADO: PruebaEvento 10 junio
2023-06-08 23:19:48.146 INFO  [http-nio-8080-exec-6] org.mnotario.angular.controllers.EventoController - NOMBRE BUSCADO: PruebaEvento 10 junio
2023-06-08 23:20:32.438 INFO  [http-nio-8080-exec-9] org.mnotario.angular.controllers.EventoController - NOMBRE BUSCADO: Evento de prueba por favor funciona
2023-06-08 23:22:23.545 INFO  [http-nio-8080-exec-3] org.mnotario.angular.controllers.EventoController - NOMBRE BUSCADO: PruebaEvento 10 junio
2023-06-08 23:30:34.760 INFO  [http-nio-8080-exec-8] org.mnotario.angular.controllers.EventoController - NOMBRE BUSCADO: PruebaEvento 10 junio
2023-06-08 23:30:56.454 INFO  [http-nio-8080-exec-10] org.mnotario.angular.controllers.EventoController - NOMBRE BUSCADO: PruebaEvento 10 junio
2023-06-08 23:58:03.485 INFO  [http-nio-8080-exec-2] org.mnotario.angular.controllers.EventoController - NOMBRE BUSCADO: PruebaEvento 10 junio
2023-06-08 23:58:40.223 INFO  [RMI TCP Connection(253)-127.0.0.1] org.springframework.boot.admin.SpringApplicationAdminMXBeanRegistrar$SpringApplicationAdmin - Application shutdown requested.
2023-06-08 23:58:40.359 INFO  [RMI TCP Connection(253)-127.0.0.1] org.apache.coyote.http11.Http11NioProtocol - Pausing ProtocolHandler ["http-nio-8080"]
2023-06-08 23:58:40.360 INFO  [RMI TCP Connection(253)-127.0.0.1] org.apache.catalina.core.StandardService - Stopping service [Tomcat]
2023-06-08 23:58:40.375 INFO  [RMI TCP Connection(253)-127.0.0.1] org.apache.catalina.core.ContainerBase.[Tomcat].[localhost].[/] - Destroying Spring FrameworkServlet 'dispatcherServlet'
2023-06-08 23:58:40.420 INFO  [RMI TCP Connection(253)-127.0.0.1] org.apache.coyote.http11.Http11NioProtocol - Stopping ProtocolHandler ["http-nio-8080"]
2023-06-08 23:58:40.432 INFO  [RMI TCP Connection(253)-127.0.0.1] org.apache.coyote.http11.Http11NioProtocol - Destroying ProtocolHandler ["http-nio-8080"]
2023-06-08 23:58:40.452 INFO  [RMI TCP Connection(253)-127.0.0.1] org.springframework.orm.jpa.LocalContainerEntityManagerFactoryBean - Closing JPA EntityManagerFactory for persistence unit 'default'
2023-06-08 23:58:40.482 INFO  [RMI TCP Connection(253)-127.0.0.1] com.zaxxer.hikari.HikariDataSource - HikariPool-1 - Shutdown initiated...
2023-06-08 23:58:40.534 INFO  [RMI TCP Connection(253)-127.0.0.1] com.zaxxer.hikari.HikariDataSource - HikariPool-1 - Shutdown completed.
