2023-06-07 19:01:10.777 INFO  [main] org.mnotario.angular.PruebaAngularApplication - Starting PruebaAngularApplication using Java 17.0.5 with PID 11096 (C:\Users\marco\OneDrive\Escritorio\TRABAJO FIN DE CURSO\tfg\tfg\target\classes started by marco in C:\Users\marco\OneDrive\Escritorio\TRABAJO FIN DE CURSO\tfg\tfg)
2023-06-07 19:01:10.805 INFO  [main] org.mnotario.angular.PruebaAngularApplication - No active profile set, falling back to 1 default profile: "default"
2023-06-07 19:01:11.951 INFO  [main] org.springframework.data.repository.config.RepositoryConfigurationDelegate - Bootstrapping Spring Data JPA repositories in DEFAULT mode.
2023-06-07 19:01:12.068 INFO  [main] org.springframework.data.repository.config.RepositoryConfigurationDelegate - Finished Spring Data repository scanning in 99 ms. Found 5 JPA repository interfaces.
2023-06-07 19:01:13.008 INFO  [main] org.springframework.boot.web.embedded.tomcat.TomcatWebServer - Tomcat initialized with port(s): 8080 (http)
2023-06-07 19:01:13.030 INFO  [main] org.apache.coyote.http11.Http11NioProtocol - Initializing ProtocolHandler ["http-nio-8080"]
2023-06-07 19:01:13.032 INFO  [main] org.apache.catalina.core.StandardService - Starting service [Tomcat]
2023-06-07 19:01:13.033 INFO  [main] org.apache.catalina.core.StandardEngine - Starting Servlet engine: [Apache Tomcat/10.1.5]
2023-06-07 19:01:13.201 INFO  [main] org.apache.catalina.core.ContainerBase.[Tomcat].[localhost].[/] - Initializing Spring embedded WebApplicationContext
2023-06-07 19:01:13.202 INFO  [main] org.springframework.boot.web.servlet.context.ServletWebServerApplicationContext - Root WebApplicationContext: initialization completed in 2327 ms
2023-06-07 19:01:13.553 INFO  [main] org.hibernate.jpa.internal.util.LogHelper - HHH000204: Processing PersistenceUnitInfo [name: default]
2023-06-07 19:01:13.664 INFO  [main] org.hibernate.Version - HHH000412: Hibernate ORM core version 6.1.7.Final
2023-06-07 19:01:14.254 INFO  [main] com.zaxxer.hikari.HikariDataSource - HikariPool-1 - Starting...
2023-06-07 19:01:14.542 INFO  [main] com.zaxxer.hikari.pool.HikariPool - HikariPool-1 - Added connection com.mysql.cj.jdbc.ConnectionImpl@22aefae0
2023-06-07 19:01:14.546 INFO  [main] com.zaxxer.hikari.HikariDataSource - HikariPool-1 - Start completed.
2023-06-07 19:01:14.647 WARN  [main] org.hibernate.dialect.Dialect - HHH000511: The 5.5.0 version for [org.hibernate.dialect.MariaDBDialect] is no longer supported, hence certain features may not work properly. The minimum supported version is 5.7.0. Check the community dialects project for available legacy versions.
2023-06-07 19:01:14.659 INFO  [main] SQL dialect - HHH000400: Using dialect: org.hibernate.dialect.MariaDBDialect
2023-06-07 19:01:16.346 INFO  [main] org.hibernate.engine.transaction.jta.platform.internal.JtaPlatformInitiator - HHH000490: Using JtaPlatform implementation: [org.hibernate.engine.transaction.jta.platform.internal.NoJtaPlatform]
2023-06-07 19:01:16.363 INFO  [main] org.springframework.orm.jpa.LocalContainerEntityManagerFactoryBean - Initialized JPA EntityManagerFactory for persistence unit 'default'
2023-06-07 19:01:17.164 WARN  [main] org.springframework.boot.autoconfigure.orm.jpa.JpaBaseConfiguration$JpaWebConfiguration - spring.jpa.open-in-view is enabled by default. Therefore, database queries may be performed during view rendering. Explicitly configure spring.jpa.open-in-view to disable this warning
2023-06-07 19:01:17.805 INFO  [main] org.apache.coyote.http11.Http11NioProtocol - Starting ProtocolHandler ["http-nio-8080"]
2023-06-07 19:01:17.843 INFO  [main] org.springframework.boot.web.embedded.tomcat.TomcatWebServer - Tomcat started on port(s): 8080 (http) with context path ''
2023-06-07 19:01:17.856 INFO  [main] org.mnotario.angular.PruebaAngularApplication - Started PruebaAngularApplication in 7.824 seconds (process running for 9.948)
2023-06-07 19:05:28.164 INFO  [http-nio-8080-exec-1] org.apache.catalina.core.ContainerBase.[Tomcat].[localhost].[/] - Initializing Spring DispatcherServlet 'dispatcherServlet'
2023-06-07 19:05:28.165 INFO  [http-nio-8080-exec-1] org.springframework.web.servlet.DispatcherServlet - Initializing Servlet 'dispatcherServlet'
2023-06-07 19:05:28.167 INFO  [http-nio-8080-exec-1] org.springframework.web.servlet.DispatcherServlet - Completed initialization in 2 ms
2023-06-07 19:08:12.555 WARN  [http-nio-8080-exec-8] org.springframework.web.servlet.mvc.support.DefaultHandlerExceptionResolver - Resolved [org.springframework.http.converter.HttpMessageNotReadableException: JSON parse error: Cannot deserialize value of type `[B` from Object value (token `JsonToken.START_OBJECT`)]
2023-06-07 19:09:01.245 WARN  [http-nio-8080-exec-1] org.springframework.web.servlet.mvc.support.DefaultHandlerExceptionResolver - Resolved [org.springframework.http.converter.HttpMessageNotReadableException: JSON parse error: Cannot deserialize value of type `[B` from Object value (token `JsonToken.START_OBJECT`)]
2023-06-07 19:09:53.051 INFO  [http-nio-8080-exec-4] org.mnotario.angular.controllers.EventoController - GESTOR RECOGIDO
2023-06-07 19:09:53.051 INFO  [http-nio-8080-exec-4] org.mnotario.angular.controllers.EventoController - GESTOR ASIGNADO
2023-06-07 19:09:53.191 INFO  [http-nio-8080-exec-4] org.mnotario.angular.controllers.EventoController - EVENTO GUARDADO - 602
2023-06-07 19:11:29.691 INFO  [http-nio-8080-exec-8] org.mnotario.angular.controllers.EventoController - GESTOR RECOGIDO
2023-06-07 19:11:29.691 INFO  [http-nio-8080-exec-8] org.mnotario.angular.controllers.EventoController - GESTOR ASIGNADO
2023-06-07 19:11:29.704 INFO  [http-nio-8080-exec-8] org.mnotario.angular.controllers.EventoController - EVENTO GUARDADO - 603
2023-06-07 19:31:30.931 WARN  [http-nio-8080-exec-9] org.springframework.web.servlet.mvc.support.DefaultHandlerExceptionResolver - Resolved [org.springframework.http.converter.HttpMessageNotReadableException: JSON parse error: Cannot deserialize value of type `[B` from Object value (token `JsonToken.START_OBJECT`)]
2023-06-07 22:48:14.891 WARN  [HikariPool-1 housekeeper] com.zaxxer.hikari.pool.HikariPool - HikariPool-1 - Thread starvation or clock leap detected (housekeeper delta=1h27m58s10ms472µs401ns).
2023-06-07 22:51:42.798 WARN  [http-nio-8080-exec-9] org.springframework.web.servlet.mvc.support.DefaultHandlerExceptionResolver - Resolved [org.springframework.http.converter.HttpMessageNotReadableException: JSON parse error: Cannot deserialize value of type `[B` from Object value (token `JsonToken.START_OBJECT`)]
2023-06-07 22:51:42.976 ERROR [http-nio-8080-exec-7] org.apache.catalina.core.ContainerBase.[Tomcat].[localhost].[/].[dispatcherServlet] - Servlet.service() for servlet [dispatcherServlet] in context with path [] threw exception [Request processing failed: org.springframework.web.multipart.MaxUploadSizeExceededException: Maximum upload size exceeded] with root cause
org.apache.tomcat.util.http.fileupload.impl.FileSizeLimitExceededException: The field imagen exceeds its maximum permitted size of 1048576 bytes.
	at org.apache.tomcat.util.http.fileupload.impl.FileItemStreamImpl$1.raiseError(FileItemStreamImpl.java:117) ~[tomcat-embed-core-10.1.5.jar:10.1.5]
	at org.apache.tomcat.util.http.fileupload.util.LimitedInputStream.checkLimit(LimitedInputStream.java:76) ~[tomcat-embed-core-10.1.5.jar:10.1.5]
	at org.apache.tomcat.util.http.fileupload.util.LimitedInputStream.read(LimitedInputStream.java:135) ~[tomcat-embed-core-10.1.5.jar:10.1.5]
	at java.io.FilterInputStream.read(FilterInputStream.java:106) ~[?:?]
	at org.apache.tomcat.util.http.fileupload.util.Streams.copy(Streams.java:96) ~[tomcat-embed-core-10.1.5.jar:10.1.5]
	at org.apache.tomcat.util.http.fileupload.FileUploadBase.parseRequest(FileUploadBase.java:292) ~[tomcat-embed-core-10.1.5.jar:10.1.5]
	at org.apache.catalina.connector.Request.parseParts(Request.java:2884) ~[tomcat-embed-core-10.1.5.jar:10.1.5]
	at org.apache.catalina.connector.Request.getParts(Request.java:2778) ~[tomcat-embed-core-10.1.5.jar:10.1.5]
	at org.apache.catalina.connector.RequestFacade.getParts(RequestFacade.java:1074) ~[tomcat-embed-core-10.1.5.jar:10.1.5]
	at org.springframework.web.multipart.support.StandardMultipartHttpServletRequest.parseRequest(StandardMultipartHttpServletRequest.java:93) ~[spring-web-6.0.6.jar:6.0.6]
	at org.springframework.web.multipart.support.StandardMultipartHttpServletRequest.<init>(StandardMultipartHttpServletRequest.java:86) ~[spring-web-6.0.6.jar:6.0.6]
	at org.springframework.web.multipart.support.StandardServletMultipartResolver.resolveMultipart(StandardServletMultipartResolver.java:112) ~[spring-web-6.0.6.jar:6.0.6]
	at org.springframework.web.servlet.DispatcherServlet.checkMultipart(DispatcherServlet.java:1219) ~[spring-webmvc-6.0.6.jar:6.0.6]
	at org.springframework.web.servlet.DispatcherServlet.doDispatch(DispatcherServlet.java:1053) ~[spring-webmvc-6.0.6.jar:6.0.6]
	at org.springframework.web.servlet.DispatcherServlet.doService(DispatcherServlet.java:974) ~[spring-webmvc-6.0.6.jar:6.0.6]
	at org.springframework.web.servlet.FrameworkServlet.processRequest(FrameworkServlet.java:1011) ~[spring-webmvc-6.0.6.jar:6.0.6]
	at org.springframework.web.servlet.FrameworkServlet.doPost(FrameworkServlet.java:914) ~[spring-webmvc-6.0.6.jar:6.0.6]
	at jakarta.servlet.http.HttpServlet.service(HttpServlet.java:731) ~[tomcat-embed-core-10.1.5.jar:6.0]
	at org.springframework.web.servlet.FrameworkServlet.service(FrameworkServlet.java:885) ~[spring-webmvc-6.0.6.jar:6.0.6]
	at jakarta.servlet.http.HttpServlet.service(HttpServlet.java:814) ~[tomcat-embed-core-10.1.5.jar:6.0]
	at org.apache.catalina.core.ApplicationFilterChain.internalDoFilter(ApplicationFilterChain.java:223) ~[tomcat-embed-core-10.1.5.jar:10.1.5]
	at org.apache.catalina.core.ApplicationFilterChain.doFilter(ApplicationFilterChain.java:158) ~[tomcat-embed-core-10.1.5.jar:10.1.5]
	at org.apache.tomcat.websocket.server.WsFilter.doFilter(WsFilter.java:53) ~[tomcat-embed-websocket-10.1.5.jar:10.1.5]
	at org.apache.catalina.core.ApplicationFilterChain.internalDoFilter(ApplicationFilterChain.java:185) ~[tomcat-embed-core-10.1.5.jar:10.1.5]
	at org.apache.catalina.core.ApplicationFilterChain.doFilter(ApplicationFilterChain.java:158) ~[tomcat-embed-core-10.1.5.jar:10.1.5]
	at org.springframework.web.filter.CorsFilter.doFilterInternal(CorsFilter.java:91) ~[spring-web-6.0.6.jar:6.0.6]
	at org.springframework.web.filter.OncePerRequestFilter.doFilter(OncePerRequestFilter.java:116) ~[spring-web-6.0.6.jar:6.0.6]
	at org.apache.catalina.core.ApplicationFilterChain.internalDoFilter(ApplicationFilterChain.java:185) ~[tomcat-embed-core-10.1.5.jar:10.1.5]
	at org.apache.catalina.core.ApplicationFilterChain.doFilter(ApplicationFilterChain.java:158) ~[tomcat-embed-core-10.1.5.jar:10.1.5]
	at org.springframework.web.filter.RequestContextFilter.doFilterInternal(RequestContextFilter.java:100) ~[spring-web-6.0.6.jar:6.0.6]
	at org.springframework.web.filter.OncePerRequestFilter.doFilter(OncePerRequestFilter.java:116) ~[spring-web-6.0.6.jar:6.0.6]
	at org.apache.catalina.core.ApplicationFilterChain.internalDoFilter(ApplicationFilterChain.java:185) ~[tomcat-embed-core-10.1.5.jar:10.1.5]
	at org.apache.catalina.core.ApplicationFilterChain.doFilter(ApplicationFilterChain.java:158) ~[tomcat-embed-core-10.1.5.jar:10.1.5]
	at org.springframework.web.filter.FormContentFilter.doFilterInternal(FormContentFilter.java:93) ~[spring-web-6.0.6.jar:6.0.6]
	at org.springframework.web.filter.OncePerRequestFilter.doFilter(OncePerRequestFilter.java:116) ~[spring-web-6.0.6.jar:6.0.6]
	at org.apache.catalina.core.ApplicationFilterChain.internalDoFilter(ApplicationFilterChain.java:185) ~[tomcat-embed-core-10.1.5.jar:10.1.5]
	at org.apache.catalina.core.ApplicationFilterChain.doFilter(ApplicationFilterChain.java:158) ~[tomcat-embed-core-10.1.5.jar:10.1.5]
	at org.springframework.web.filter.CharacterEncodingFilter.doFilterInternal(CharacterEncodingFilter.java:201) ~[spring-web-6.0.6.jar:6.0.6]
	at org.springframework.web.filter.OncePerRequestFilter.doFilter(OncePerRequestFilter.java:116) ~[spring-web-6.0.6.jar:6.0.6]
	at org.apache.catalina.core.ApplicationFilterChain.internalDoFilter(ApplicationFilterChain.java:185) ~[tomcat-embed-core-10.1.5.jar:10.1.5]
	at org.apache.catalina.core.ApplicationFilterChain.doFilter(ApplicationFilterChain.java:158) ~[tomcat-embed-core-10.1.5.jar:10.1.5]
	at org.apache.catalina.core.StandardWrapperValve.invoke(StandardWrapperValve.java:177) ~[tomcat-embed-core-10.1.5.jar:10.1.5]
	at org.apache.catalina.core.StandardContextValve.invoke(StandardContextValve.java:97) ~[tomcat-embed-core-10.1.5.jar:10.1.5]
	at org.apache.catalina.authenticator.AuthenticatorBase.invoke(AuthenticatorBase.java:542) ~[tomcat-embed-core-10.1.5.jar:10.1.5]
	at org.apache.catalina.core.StandardHostValve.invoke(StandardHostValve.java:119) ~[tomcat-embed-core-10.1.5.jar:10.1.5]
	at org.apache.catalina.valves.ErrorReportValve.invoke(ErrorReportValve.java:92) ~[tomcat-embed-core-10.1.5.jar:10.1.5]
	at org.apache.catalina.core.StandardEngineValve.invoke(StandardEngineValve.java:78) ~[tomcat-embed-core-10.1.5.jar:10.1.5]
	at org.apache.catalina.connector.CoyoteAdapter.service(CoyoteAdapter.java:357) ~[tomcat-embed-core-10.1.5.jar:10.1.5]
	at org.apache.coyote.http11.Http11Processor.service(Http11Processor.java:400) ~[tomcat-embed-core-10.1.5.jar:10.1.5]
	at org.apache.coyote.AbstractProcessorLight.process(AbstractProcessorLight.java:65) ~[tomcat-embed-core-10.1.5.jar:10.1.5]
	at org.apache.coyote.AbstractProtocol$ConnectionHandler.process(AbstractProtocol.java:859) ~[tomcat-embed-core-10.1.5.jar:10.1.5]
	at org.apache.tomcat.util.net.NioEndpoint$SocketProcessor.doRun(NioEndpoint.java:1734) ~[tomcat-embed-core-10.1.5.jar:10.1.5]
	at org.apache.tomcat.util.net.SocketProcessorBase.run(SocketProcessorBase.java:52) ~[tomcat-embed-core-10.1.5.jar:10.1.5]
	at org.apache.tomcat.util.threads.ThreadPoolExecutor.runWorker(ThreadPoolExecutor.java:1191) ~[tomcat-embed-core-10.1.5.jar:10.1.5]
	at org.apache.tomcat.util.threads.ThreadPoolExecutor$Worker.run(ThreadPoolExecutor.java:659) ~[tomcat-embed-core-10.1.5.jar:10.1.5]
	at org.apache.tomcat.util.threads.TaskThread$WrappingRunnable.run(TaskThread.java:61) ~[tomcat-embed-core-10.1.5.jar:10.1.5]
	at java.lang.Thread.run(Thread.java:833) ~[?:?]
2023-06-07 22:54:46.760 WARN  [http-nio-8080-exec-3] org.springframework.web.servlet.mvc.support.DefaultHandlerExceptionResolver - Resolved [org.springframework.http.converter.HttpMessageNotReadableException: JSON parse error: Cannot deserialize value of type `[B` from Object value (token `JsonToken.START_OBJECT`)]
2023-06-07 22:54:46.855 WARN  [http-nio-8080-exec-1] org.springframework.web.servlet.mvc.support.DefaultHandlerExceptionResolver - Resolved [org.springframework.web.HttpMediaTypeNotSupportedException: Content-Type 'multipart/form-data;boundary=----WebKitFormBoundaryBXqurHsqFoi0FUFY;charset=UTF-8' is not supported]
2023-06-07 22:56:49.223 WARN  [http-nio-8080-exec-6] org.springframework.web.servlet.mvc.support.DefaultHandlerExceptionResolver - Resolved [org.springframework.web.HttpMediaTypeNotSupportedException: Content-Type 'multipart/form-data;boundary=----WebKitFormBoundaryKeLQNe8h2Zxr3RwD;charset=UTF-8' is not supported]
2023-06-07 22:58:49.555 INFO  [RMI TCP Connection(160)-127.0.0.1] org.springframework.boot.admin.SpringApplicationAdminMXBeanRegistrar$SpringApplicationAdmin - Application shutdown requested.
2023-06-07 22:58:49.606 INFO  [RMI TCP Connection(160)-127.0.0.1] org.apache.coyote.http11.Http11NioProtocol - Pausing ProtocolHandler ["http-nio-8080"]
2023-06-07 22:58:49.607 INFO  [RMI TCP Connection(160)-127.0.0.1] org.apache.catalina.core.StandardService - Stopping service [Tomcat]
2023-06-07 22:58:49.613 INFO  [RMI TCP Connection(160)-127.0.0.1] org.apache.catalina.core.ContainerBase.[Tomcat].[localhost].[/] - Destroying Spring FrameworkServlet 'dispatcherServlet'
2023-06-07 22:58:49.635 INFO  [RMI TCP Connection(160)-127.0.0.1] org.apache.coyote.http11.Http11NioProtocol - Stopping ProtocolHandler ["http-nio-8080"]
2023-06-07 22:58:49.641 INFO  [RMI TCP Connection(160)-127.0.0.1] org.apache.coyote.http11.Http11NioProtocol - Destroying ProtocolHandler ["http-nio-8080"]
2023-06-07 22:58:49.657 INFO  [RMI TCP Connection(160)-127.0.0.1] org.springframework.orm.jpa.LocalContainerEntityManagerFactoryBean - Closing JPA EntityManagerFactory for persistence unit 'default'
2023-06-07 22:58:49.684 INFO  [RMI TCP Connection(160)-127.0.0.1] com.zaxxer.hikari.HikariDataSource - HikariPool-1 - Shutdown initiated...
2023-06-07 22:58:49.694 INFO  [RMI TCP Connection(160)-127.0.0.1] com.zaxxer.hikari.HikariDataSource - HikariPool-1 - Shutdown completed.
2023-06-07 22:58:53.918 INFO  [main] org.mnotario.angular.PruebaAngularApplication - Starting PruebaAngularApplication using Java 17.0.5 with PID 18648 (C:\Users\marco\OneDrive\Escritorio\TRABAJO FIN DE CURSO\tfg\tfg\target\classes started by marco in C:\Users\marco\OneDrive\Escritorio\TRABAJO FIN DE CURSO\tfg\tfg)
2023-06-07 22:58:53.936 INFO  [main] org.mnotario.angular.PruebaAngularApplication - No active profile set, falling back to 1 default profile: "default"
2023-06-07 22:58:54.995 INFO  [main] org.springframework.data.repository.config.RepositoryConfigurationDelegate - Bootstrapping Spring Data JPA repositories in DEFAULT mode.
2023-06-07 22:58:55.115 INFO  [main] org.springframework.data.repository.config.RepositoryConfigurationDelegate - Finished Spring Data repository scanning in 105 ms. Found 5 JPA repository interfaces.
2023-06-07 22:58:55.948 INFO  [main] org.springframework.boot.web.embedded.tomcat.TomcatWebServer - Tomcat initialized with port(s): 8080 (http)
2023-06-07 22:58:55.969 INFO  [main] org.apache.coyote.http11.Http11NioProtocol - Initializing ProtocolHandler ["http-nio-8080"]
2023-06-07 22:58:55.973 INFO  [main] org.apache.catalina.core.StandardService - Starting service [Tomcat]
2023-06-07 22:58:55.974 INFO  [main] org.apache.catalina.core.StandardEngine - Starting Servlet engine: [Apache Tomcat/10.1.5]
2023-06-07 22:58:56.147 INFO  [main] org.apache.catalina.core.ContainerBase.[Tomcat].[localhost].[/] - Initializing Spring embedded WebApplicationContext
2023-06-07 22:58:56.148 INFO  [main] org.springframework.boot.web.servlet.context.ServletWebServerApplicationContext - Root WebApplicationContext: initialization completed in 2144 ms
2023-06-07 22:58:56.491 INFO  [main] org.hibernate.jpa.internal.util.LogHelper - HHH000204: Processing PersistenceUnitInfo [name: default]
2023-06-07 22:58:56.608 INFO  [main] org.hibernate.Version - HHH000412: Hibernate ORM core version 6.1.7.Final
2023-06-07 22:58:57.165 INFO  [main] com.zaxxer.hikari.HikariDataSource - HikariPool-1 - Starting...
2023-06-07 22:58:57.446 INFO  [main] com.zaxxer.hikari.pool.HikariPool - HikariPool-1 - Added connection com.mysql.cj.jdbc.ConnectionImpl@c94bd18
2023-06-07 22:58:57.449 INFO  [main] com.zaxxer.hikari.HikariDataSource - HikariPool-1 - Start completed.
2023-06-07 22:58:57.521 WARN  [main] org.hibernate.dialect.Dialect - HHH000511: The 5.5.0 version for [org.hibernate.dialect.MariaDBDialect] is no longer supported, hence certain features may not work properly. The minimum supported version is 5.7.0. Check the community dialects project for available legacy versions.
2023-06-07 22:58:57.532 INFO  [main] SQL dialect - HHH000400: Using dialect: org.hibernate.dialect.MariaDBDialect
2023-06-07 22:58:59.384 INFO  [main] org.hibernate.engine.transaction.jta.platform.internal.JtaPlatformInitiator - HHH000490: Using JtaPlatform implementation: [org.hibernate.engine.transaction.jta.platform.internal.NoJtaPlatform]
2023-06-07 22:58:59.402 INFO  [main] org.springframework.orm.jpa.LocalContainerEntityManagerFactoryBean - Initialized JPA EntityManagerFactory for persistence unit 'default'
2023-06-07 22:59:00.205 WARN  [main] org.springframework.boot.autoconfigure.orm.jpa.JpaBaseConfiguration$JpaWebConfiguration - spring.jpa.open-in-view is enabled by default. Therefore, database queries may be performed during view rendering. Explicitly configure spring.jpa.open-in-view to disable this warning
2023-06-07 22:59:00.773 INFO  [main] org.apache.coyote.http11.Http11NioProtocol - Starting ProtocolHandler ["http-nio-8080"]
2023-06-07 22:59:00.807 INFO  [main] org.springframework.boot.web.embedded.tomcat.TomcatWebServer - Tomcat started on port(s): 8080 (http) with context path ''
2023-06-07 22:59:00.820 INFO  [main] org.mnotario.angular.PruebaAngularApplication - Started PruebaAngularApplication in 7.601 seconds (process running for 9.528)
2023-06-07 22:59:10.797 INFO  [http-nio-8080-exec-1] org.apache.catalina.core.ContainerBase.[Tomcat].[localhost].[/] - Initializing Spring DispatcherServlet 'dispatcherServlet'
2023-06-07 22:59:10.797 INFO  [http-nio-8080-exec-1] org.springframework.web.servlet.DispatcherServlet - Initializing Servlet 'dispatcherServlet'
2023-06-07 22:59:10.799 INFO  [http-nio-8080-exec-1] org.springframework.web.servlet.DispatcherServlet - Completed initialization in 2 ms
2023-06-07 22:59:11.384 WARN  [http-nio-8080-exec-2] org.springframework.web.servlet.mvc.support.DefaultHandlerExceptionResolver - Resolved [org.springframework.web.HttpMediaTypeNotSupportedException: Content-Type 'multipart/form-data;boundary=----WebKitFormBoundaryVh88Wafab7Y0WOrk;charset=UTF-8' is not supported]
2023-06-07 23:03:58.488 INFO  [RMI TCP Connection(13)-127.0.0.1] org.springframework.boot.admin.SpringApplicationAdminMXBeanRegistrar$SpringApplicationAdmin - Application shutdown requested.
2023-06-07 23:03:58.505 INFO  [RMI TCP Connection(13)-127.0.0.1] org.apache.coyote.http11.Http11NioProtocol - Pausing ProtocolHandler ["http-nio-8080"]
2023-06-07 23:03:58.506 INFO  [RMI TCP Connection(13)-127.0.0.1] org.apache.catalina.core.StandardService - Stopping service [Tomcat]
2023-06-07 23:03:58.508 INFO  [RMI TCP Connection(13)-127.0.0.1] org.apache.catalina.core.ContainerBase.[Tomcat].[localhost].[/] - Destroying Spring FrameworkServlet 'dispatcherServlet'
2023-06-07 23:03:58.517 INFO  [RMI TCP Connection(13)-127.0.0.1] org.apache.coyote.http11.Http11NioProtocol - Stopping ProtocolHandler ["http-nio-8080"]
2023-06-07 23:03:58.521 INFO  [RMI TCP Connection(13)-127.0.0.1] org.apache.coyote.http11.Http11NioProtocol - Destroying ProtocolHandler ["http-nio-8080"]
2023-06-07 23:03:58.527 INFO  [RMI TCP Connection(13)-127.0.0.1] org.springframework.orm.jpa.LocalContainerEntityManagerFactoryBean - Closing JPA EntityManagerFactory for persistence unit 'default'
2023-06-07 23:03:58.532 INFO  [RMI TCP Connection(13)-127.0.0.1] com.zaxxer.hikari.HikariDataSource - HikariPool-1 - Shutdown initiated...
2023-06-07 23:03:58.557 INFO  [RMI TCP Connection(13)-127.0.0.1] com.zaxxer.hikari.HikariDataSource - HikariPool-1 - Shutdown completed.
2023-06-07 23:04:02.217 INFO  [main] org.mnotario.angular.PruebaAngularApplication - Starting PruebaAngularApplication using Java 17.0.5 with PID 7884 (C:\Users\marco\OneDrive\Escritorio\TRABAJO FIN DE CURSO\tfg\tfg\target\classes started by marco in C:\Users\marco\OneDrive\Escritorio\TRABAJO FIN DE CURSO\tfg\tfg)
2023-06-07 23:04:02.233 INFO  [main] org.mnotario.angular.PruebaAngularApplication - No active profile set, falling back to 1 default profile: "default"
2023-06-07 23:04:03.177 INFO  [main] org.springframework.data.repository.config.RepositoryConfigurationDelegate - Bootstrapping Spring Data JPA repositories in DEFAULT mode.
2023-06-07 23:04:03.276 INFO  [main] org.springframework.data.repository.config.RepositoryConfigurationDelegate - Finished Spring Data repository scanning in 87 ms. Found 5 JPA repository interfaces.
2023-06-07 23:04:04.004 INFO  [main] org.springframework.boot.web.embedded.tomcat.TomcatWebServer - Tomcat initialized with port(s): 8080 (http)
2023-06-07 23:04:04.024 INFO  [main] org.apache.coyote.http11.Http11NioProtocol - Initializing ProtocolHandler ["http-nio-8080"]
2023-06-07 23:04:04.026 INFO  [main] org.apache.catalina.core.StandardService - Starting service [Tomcat]
2023-06-07 23:04:04.027 INFO  [main] org.apache.catalina.core.StandardEngine - Starting Servlet engine: [Apache Tomcat/10.1.5]
2023-06-07 23:04:04.191 INFO  [main] org.apache.catalina.core.ContainerBase.[Tomcat].[localhost].[/] - Initializing Spring embedded WebApplicationContext
2023-06-07 23:04:04.191 INFO  [main] org.springframework.boot.web.servlet.context.ServletWebServerApplicationContext - Root WebApplicationContext: initialization completed in 1884 ms
2023-06-07 23:04:04.487 INFO  [main] org.hibernate.jpa.internal.util.LogHelper - HHH000204: Processing PersistenceUnitInfo [name: default]
2023-06-07 23:04:04.558 INFO  [main] org.hibernate.Version - HHH000412: Hibernate ORM core version 6.1.7.Final
2023-06-07 23:04:04.968 INFO  [main] com.zaxxer.hikari.HikariDataSource - HikariPool-1 - Starting...
2023-06-07 23:04:05.204 INFO  [main] com.zaxxer.hikari.pool.HikariPool - HikariPool-1 - Added connection com.mysql.cj.jdbc.ConnectionImpl@1c4057f9
2023-06-07 23:04:05.207 INFO  [main] com.zaxxer.hikari.HikariDataSource - HikariPool-1 - Start completed.
2023-06-07 23:04:05.263 WARN  [main] org.hibernate.dialect.Dialect - HHH000511: The 5.5.0 version for [org.hibernate.dialect.MariaDBDialect] is no longer supported, hence certain features may not work properly. The minimum supported version is 5.7.0. Check the community dialects project for available legacy versions.
2023-06-07 23:04:05.270 INFO  [main] SQL dialect - HHH000400: Using dialect: org.hibernate.dialect.MariaDBDialect
2023-06-07 23:04:05.590 ERROR [main] org.springframework.orm.jpa.LocalContainerEntityManagerFactoryBean - Failed to initialize JPA EntityManagerFactory: Could not determine recommended JdbcType for `org.springframework.web.multipart.MultipartFile`
2023-06-07 23:04:05.591 WARN  [main] org.springframework.boot.web.servlet.context.AnnotationConfigServletWebServerApplicationContext - Exception encountered during context initialization - cancelling refresh attempt: org.springframework.beans.factory.BeanCreationException: Error creating bean with name 'entityManagerFactory' defined in class path resource [org/springframework/boot/autoconfigure/orm/jpa/HibernateJpaConfiguration.class]: Could not determine recommended JdbcType for `org.springframework.web.multipart.MultipartFile`
2023-06-07 23:04:05.592 INFO  [main] com.zaxxer.hikari.HikariDataSource - HikariPool-1 - Shutdown initiated...
2023-06-07 23:04:05.611 INFO  [main] com.zaxxer.hikari.HikariDataSource - HikariPool-1 - Shutdown completed.
2023-06-07 23:04:05.618 INFO  [main] org.apache.catalina.core.StandardService - Stopping service [Tomcat]
2023-06-07 23:04:05.647 INFO  [main] org.springframework.boot.autoconfigure.logging.ConditionEvaluationReportLogger - 

Error starting ApplicationContext. To display the condition evaluation report re-run your application with 'debug' enabled.
2023-06-07 23:04:05.694 ERROR [main] org.springframework.boot.SpringApplication - Application run failed
org.springframework.beans.factory.BeanCreationException: Error creating bean with name 'entityManagerFactory' defined in class path resource [org/springframework/boot/autoconfigure/orm/jpa/HibernateJpaConfiguration.class]: Could not determine recommended JdbcType for `org.springframework.web.multipart.MultipartFile`
	at org.springframework.beans.factory.support.AbstractAutowireCapableBeanFactory.initializeBean(AbstractAutowireCapableBeanFactory.java:1762) ~[spring-beans-6.0.6.jar:6.0.6]
	at org.springframework.beans.factory.support.AbstractAutowireCapableBeanFactory.doCreateBean(AbstractAutowireCapableBeanFactory.java:599) ~[spring-beans-6.0.6.jar:6.0.6]
	at org.springframework.beans.factory.support.AbstractAutowireCapableBeanFactory.createBean(AbstractAutowireCapableBeanFactory.java:521) ~[spring-beans-6.0.6.jar:6.0.6]
	at org.springframework.beans.factory.support.AbstractBeanFactory.lambda$doGetBean$0(AbstractBeanFactory.java:326) ~[spring-beans-6.0.6.jar:6.0.6]
	at org.springframework.beans.factory.support.DefaultSingletonBeanRegistry.getSingleton(DefaultSingletonBeanRegistry.java:234) ~[spring-beans-6.0.6.jar:6.0.6]
	at org.springframework.beans.factory.support.AbstractBeanFactory.doGetBean(AbstractBeanFactory.java:324) ~[spring-beans-6.0.6.jar:6.0.6]
	at org.springframework.beans.factory.support.AbstractBeanFactory.getBean(AbstractBeanFactory.java:200) ~[spring-beans-6.0.6.jar:6.0.6]
	at org.springframework.context.support.AbstractApplicationContext.getBean(AbstractApplicationContext.java:1132) ~[spring-context-6.0.6.jar:6.0.6]
	at org.springframework.context.support.AbstractApplicationContext.finishBeanFactoryInitialization(AbstractApplicationContext.java:907) ~[spring-context-6.0.6.jar:6.0.6]
	at org.springframework.context.support.AbstractApplicationContext.refresh(AbstractApplicationContext.java:584) ~[spring-context-6.0.6.jar:6.0.6]
	at org.springframework.boot.web.servlet.context.ServletWebServerApplicationContext.refresh(ServletWebServerApplicationContext.java:146) ~[spring-boot-3.0.4.jar:3.0.4]
	at org.springframework.boot.SpringApplication.refresh(SpringApplication.java:732) ~[spring-boot-3.0.4.jar:3.0.4]
	at org.springframework.boot.SpringApplication.refreshContext(SpringApplication.java:434) ~[spring-boot-3.0.4.jar:3.0.4]
	at org.springframework.boot.SpringApplication.run(SpringApplication.java:310) ~[spring-boot-3.0.4.jar:3.0.4]
	at org.springframework.boot.SpringApplication.run(SpringApplication.java:1304) ~[spring-boot-3.0.4.jar:3.0.4]
	at org.springframework.boot.SpringApplication.run(SpringApplication.java:1293) ~[spring-boot-3.0.4.jar:3.0.4]
	at org.mnotario.angular.PruebaAngularApplication.main(PruebaAngularApplication.java:16) ~[classes/:?]
Caused by: org.hibernate.type.descriptor.java.spi.JdbcTypeRecommendationException: Could not determine recommended JdbcType for `org.springframework.web.multipart.MultipartFile`
	at org.hibernate.type.descriptor.java.spi.UnknownBasicJavaType.getRecommendedJdbcType(UnknownBasicJavaType.java:37) ~[hibernate-core-6.1.7.Final.jar:6.1.7.Final]
	at org.hibernate.boot.model.process.internal.InferredBasicValueResolver.from(InferredBasicValueResolver.java:222) ~[hibernate-core-6.1.7.Final.jar:6.1.7.Final]
	at org.hibernate.mapping.BasicValue.buildResolution(BasicValue.java:507) ~[hibernate-core-6.1.7.Final.jar:6.1.7.Final]
	at org.hibernate.mapping.BasicValue.resolve(BasicValue.java:315) ~[hibernate-core-6.1.7.Final.jar:6.1.7.Final]
	at org.hibernate.mapping.BasicValue.resolve(BasicValue.java:305) ~[hibernate-core-6.1.7.Final.jar:6.1.7.Final]
	at org.hibernate.boot.internal.InFlightMetadataCollectorImpl.lambda$processValueResolvers$4(InFlightMetadataCollectorImpl.java:1767) ~[hibernate-core-6.1.7.Final.jar:6.1.7.Final]
	at java.util.ArrayList.removeIf(ArrayList.java:1682) ~[?:?]
	at java.util.ArrayList.removeIf(ArrayList.java:1660) ~[?:?]
	at org.hibernate.boot.internal.InFlightMetadataCollectorImpl.processValueResolvers(InFlightMetadataCollectorImpl.java:1766) ~[hibernate-core-6.1.7.Final.jar:6.1.7.Final]
	at org.hibernate.boot.internal.InFlightMetadataCollectorImpl.processSecondPasses(InFlightMetadataCollectorImpl.java:1752) ~[hibernate-core-6.1.7.Final.jar:6.1.7.Final]
	at org.hibernate.boot.model.process.spi.MetadataBuildingProcess.complete(MetadataBuildingProcess.java:300) ~[hibernate-core-6.1.7.Final.jar:6.1.7.Final]
	at org.hibernate.jpa.boot.internal.EntityManagerFactoryBuilderImpl.metadata(EntityManagerFactoryBuilderImpl.java:1348) ~[hibernate-core-6.1.7.Final.jar:6.1.7.Final]
	at org.hibernate.jpa.boot.internal.EntityManagerFactoryBuilderImpl.build(EntityManagerFactoryBuilderImpl.java:1419) ~[hibernate-core-6.1.7.Final.jar:6.1.7.Final]
	at org.springframework.orm.jpa.vendor.SpringHibernateJpaPersistenceProvider.createContainerEntityManagerFactory(SpringHibernateJpaPersistenceProvider.java:66) ~[spring-orm-6.0.6.jar:6.0.6]
	at org.springframework.orm.jpa.LocalContainerEntityManagerFactoryBean.createNativeEntityManagerFactory(LocalContainerEntityManagerFactoryBean.java:376) ~[spring-orm-6.0.6.jar:6.0.6]
	at org.springframework.orm.jpa.AbstractEntityManagerFactoryBean.buildNativeEntityManagerFactory(AbstractEntityManagerFactoryBean.java:409) ~[spring-orm-6.0.6.jar:6.0.6]
	at org.springframework.orm.jpa.AbstractEntityManagerFactoryBean.afterPropertiesSet(AbstractEntityManagerFactoryBean.java:396) ~[spring-orm-6.0.6.jar:6.0.6]
	at org.springframework.orm.jpa.LocalContainerEntityManagerFactoryBean.afterPropertiesSet(LocalContainerEntityManagerFactoryBean.java:352) ~[spring-orm-6.0.6.jar:6.0.6]
	at org.springframework.beans.factory.support.AbstractAutowireCapableBeanFactory.invokeInitMethods(AbstractAutowireCapableBeanFactory.java:1808) ~[spring-beans-6.0.6.jar:6.0.6]
	at org.springframework.beans.factory.support.AbstractAutowireCapableBeanFactory.initializeBean(AbstractAutowireCapableBeanFactory.java:1758) ~[spring-beans-6.0.6.jar:6.0.6]
	... 16 more
2023-06-07 23:05:30.011 INFO  [main] org.mnotario.angular.PruebaAngularApplication - Starting PruebaAngularApplication using Java 17.0.5 with PID 15412 (C:\Users\marco\OneDrive\Escritorio\TRABAJO FIN DE CURSO\tfg\tfg\target\classes started by marco in C:\Users\marco\OneDrive\Escritorio\TRABAJO FIN DE CURSO\tfg\tfg)
2023-06-07 23:05:30.027 INFO  [main] org.mnotario.angular.PruebaAngularApplication - No active profile set, falling back to 1 default profile: "default"
2023-06-07 23:05:30.930 INFO  [main] org.springframework.data.repository.config.RepositoryConfigurationDelegate - Bootstrapping Spring Data JPA repositories in DEFAULT mode.
2023-06-07 23:05:31.035 INFO  [main] org.springframework.data.repository.config.RepositoryConfigurationDelegate - Finished Spring Data repository scanning in 90 ms. Found 5 JPA repository interfaces.
2023-06-07 23:05:31.830 INFO  [main] org.springframework.boot.web.embedded.tomcat.TomcatWebServer - Tomcat initialized with port(s): 8080 (http)
2023-06-07 23:05:31.845 INFO  [main] org.apache.coyote.http11.Http11NioProtocol - Initializing ProtocolHandler ["http-nio-8080"]
2023-06-07 23:05:31.847 INFO  [main] org.apache.catalina.core.StandardService - Starting service [Tomcat]
2023-06-07 23:05:31.848 INFO  [main] org.apache.catalina.core.StandardEngine - Starting Servlet engine: [Apache Tomcat/10.1.5]
2023-06-07 23:05:32.007 INFO  [main] org.apache.catalina.core.ContainerBase.[Tomcat].[localhost].[/] - Initializing Spring embedded WebApplicationContext
2023-06-07 23:05:32.007 INFO  [main] org.springframework.boot.web.servlet.context.ServletWebServerApplicationContext - Root WebApplicationContext: initialization completed in 1912 ms
2023-06-07 23:05:32.269 INFO  [main] org.hibernate.jpa.internal.util.LogHelper - HHH000204: Processing PersistenceUnitInfo [name: default]
2023-06-07 23:05:32.342 INFO  [main] org.hibernate.Version - HHH000412: Hibernate ORM core version 6.1.7.Final
2023-06-07 23:05:32.768 INFO  [main] com.zaxxer.hikari.HikariDataSource - HikariPool-1 - Starting...
2023-06-07 23:05:33.016 INFO  [main] com.zaxxer.hikari.pool.HikariPool - HikariPool-1 - Added connection com.mysql.cj.jdbc.ConnectionImpl@7cdfa824
2023-06-07 23:05:33.019 INFO  [main] com.zaxxer.hikari.HikariDataSource - HikariPool-1 - Start completed.
2023-06-07 23:05:33.076 WARN  [main] org.hibernate.dialect.Dialect - HHH000511: The 5.5.0 version for [org.hibernate.dialect.MariaDBDialect] is no longer supported, hence certain features may not work properly. The minimum supported version is 5.7.0. Check the community dialects project for available legacy versions.
2023-06-07 23:05:33.085 INFO  [main] SQL dialect - HHH000400: Using dialect: org.hibernate.dialect.MariaDBDialect
2023-06-07 23:05:34.541 INFO  [main] org.hibernate.engine.transaction.jta.platform.internal.JtaPlatformInitiator - HHH000490: Using JtaPlatform implementation: [org.hibernate.engine.transaction.jta.platform.internal.NoJtaPlatform]
2023-06-07 23:05:34.557 INFO  [main] org.springframework.orm.jpa.LocalContainerEntityManagerFactoryBean - Initialized JPA EntityManagerFactory for persistence unit 'default'
2023-06-07 23:05:35.226 WARN  [main] org.springframework.boot.autoconfigure.orm.jpa.JpaBaseConfiguration$JpaWebConfiguration - spring.jpa.open-in-view is enabled by default. Therefore, database queries may be performed during view rendering. Explicitly configure spring.jpa.open-in-view to disable this warning
2023-06-07 23:05:35.698 INFO  [main] org.apache.coyote.http11.Http11NioProtocol - Starting ProtocolHandler ["http-nio-8080"]
2023-06-07 23:05:35.732 INFO  [main] org.springframework.boot.web.embedded.tomcat.TomcatWebServer - Tomcat started on port(s): 8080 (http) with context path ''
2023-06-07 23:05:35.748 INFO  [main] org.mnotario.angular.PruebaAngularApplication - Started PruebaAngularApplication in 6.349 seconds (process running for 8.138)
2023-06-07 23:06:09.807 INFO  [http-nio-8080-exec-2] org.apache.catalina.core.ContainerBase.[Tomcat].[localhost].[/] - Initializing Spring DispatcherServlet 'dispatcherServlet'
2023-06-07 23:06:09.808 INFO  [http-nio-8080-exec-2] org.springframework.web.servlet.DispatcherServlet - Initializing Servlet 'dispatcherServlet'
2023-06-07 23:06:09.811 INFO  [http-nio-8080-exec-2] org.springframework.web.servlet.DispatcherServlet - Completed initialization in 2 ms
2023-06-07 23:06:10.452 WARN  [http-nio-8080-exec-1] org.springframework.web.servlet.mvc.support.DefaultHandlerExceptionResolver - Resolved [org.springframework.web.HttpMediaTypeNotSupportedException: Content-Type 'multipart/form-data;boundary=----WebKitFormBoundaryCkF3QV9DLbuiiYSO;charset=UTF-8' is not supported]
2023-06-07 23:11:41.675 INFO  [RMI TCP Connection(14)-127.0.0.1] org.springframework.boot.admin.SpringApplicationAdminMXBeanRegistrar$SpringApplicationAdmin - Application shutdown requested.
2023-06-07 23:11:41.694 INFO  [RMI TCP Connection(14)-127.0.0.1] org.apache.coyote.http11.Http11NioProtocol - Pausing ProtocolHandler ["http-nio-8080"]
2023-06-07 23:11:41.695 INFO  [RMI TCP Connection(14)-127.0.0.1] org.apache.catalina.core.StandardService - Stopping service [Tomcat]
2023-06-07 23:11:41.697 INFO  [RMI TCP Connection(14)-127.0.0.1] org.apache.catalina.core.ContainerBase.[Tomcat].[localhost].[/] - Destroying Spring FrameworkServlet 'dispatcherServlet'
2023-06-07 23:11:41.704 INFO  [RMI TCP Connection(14)-127.0.0.1] org.apache.coyote.http11.Http11NioProtocol - Stopping ProtocolHandler ["http-nio-8080"]
2023-06-07 23:11:41.707 INFO  [RMI TCP Connection(14)-127.0.0.1] org.apache.coyote.http11.Http11NioProtocol - Destroying ProtocolHandler ["http-nio-8080"]
2023-06-07 23:11:41.714 INFO  [RMI TCP Connection(14)-127.0.0.1] org.springframework.orm.jpa.LocalContainerEntityManagerFactoryBean - Closing JPA EntityManagerFactory for persistence unit 'default'
2023-06-07 23:11:41.718 INFO  [RMI TCP Connection(14)-127.0.0.1] com.zaxxer.hikari.HikariDataSource - HikariPool-1 - Shutdown initiated...
2023-06-07 23:11:41.731 INFO  [RMI TCP Connection(14)-127.0.0.1] com.zaxxer.hikari.HikariDataSource - HikariPool-1 - Shutdown completed.
2023-06-07 23:11:45.057 INFO  [main] org.mnotario.angular.PruebaAngularApplication - Starting PruebaAngularApplication using Java 17.0.5 with PID 6452 (C:\Users\marco\OneDrive\Escritorio\TRABAJO FIN DE CURSO\tfg\tfg\target\classes started by marco in C:\Users\marco\OneDrive\Escritorio\TRABAJO FIN DE CURSO\tfg\tfg)
2023-06-07 23:11:45.071 INFO  [main] org.mnotario.angular.PruebaAngularApplication - No active profile set, falling back to 1 default profile: "default"
2023-06-07 23:11:45.890 INFO  [main] org.springframework.data.repository.config.RepositoryConfigurationDelegate - Bootstrapping Spring Data JPA repositories in DEFAULT mode.
2023-06-07 23:11:46.035 INFO  [main] org.springframework.data.repository.config.RepositoryConfigurationDelegate - Finished Spring Data repository scanning in 130 ms. Found 5 JPA repository interfaces.
2023-06-07 23:11:46.828 INFO  [main] org.springframework.boot.web.embedded.tomcat.TomcatWebServer - Tomcat initialized with port(s): 8080 (http)
2023-06-07 23:11:46.844 INFO  [main] org.apache.coyote.http11.Http11NioProtocol - Initializing ProtocolHandler ["http-nio-8080"]
2023-06-07 23:11:46.845 INFO  [main] org.apache.catalina.core.StandardService - Starting service [Tomcat]
2023-06-07 23:11:46.846 INFO  [main] org.apache.catalina.core.StandardEngine - Starting Servlet engine: [Apache Tomcat/10.1.5]
2023-06-07 23:11:47.013 INFO  [main] org.apache.catalina.core.ContainerBase.[Tomcat].[localhost].[/] - Initializing Spring embedded WebApplicationContext
2023-06-07 23:11:47.013 INFO  [main] org.springframework.boot.web.servlet.context.ServletWebServerApplicationContext - Root WebApplicationContext: initialization completed in 1878 ms
2023-06-07 23:11:47.283 INFO  [main] org.hibernate.jpa.internal.util.LogHelper - HHH000204: Processing PersistenceUnitInfo [name: default]
2023-06-07 23:11:47.366 INFO  [main] org.hibernate.Version - HHH000412: Hibernate ORM core version 6.1.7.Final
2023-06-07 23:11:47.842 INFO  [main] com.zaxxer.hikari.HikariDataSource - HikariPool-1 - Starting...
2023-06-07 23:11:48.091 INFO  [main] com.zaxxer.hikari.pool.HikariPool - HikariPool-1 - Added connection com.mysql.cj.jdbc.ConnectionImpl@399f5daf
2023-06-07 23:11:48.094 INFO  [main] com.zaxxer.hikari.HikariDataSource - HikariPool-1 - Start completed.
2023-06-07 23:11:48.149 WARN  [main] org.hibernate.dialect.Dialect - HHH000511: The 5.5.0 version for [org.hibernate.dialect.MariaDBDialect] is no longer supported, hence certain features may not work properly. The minimum supported version is 5.7.0. Check the community dialects project for available legacy versions.
2023-06-07 23:11:48.157 INFO  [main] SQL dialect - HHH000400: Using dialect: org.hibernate.dialect.MariaDBDialect
2023-06-07 23:11:49.603 INFO  [main] org.hibernate.engine.transaction.jta.platform.internal.JtaPlatformInitiator - HHH000490: Using JtaPlatform implementation: [org.hibernate.engine.transaction.jta.platform.internal.NoJtaPlatform]
2023-06-07 23:11:49.617 INFO  [main] org.springframework.orm.jpa.LocalContainerEntityManagerFactoryBean - Initialized JPA EntityManagerFactory for persistence unit 'default'
2023-06-07 23:11:49.665 WARN  [main] org.springframework.boot.autoconfigure.orm.jpa.JpaBaseConfiguration$JpaWebConfiguration - spring.jpa.open-in-view is enabled by default. Therefore, database queries may be performed during view rendering. Explicitly configure spring.jpa.open-in-view to disable this warning
2023-06-07 23:11:50.713 INFO  [main] org.apache.coyote.http11.Http11NioProtocol - Starting ProtocolHandler ["http-nio-8080"]
2023-06-07 23:11:50.744 INFO  [main] org.springframework.boot.web.embedded.tomcat.TomcatWebServer - Tomcat started on port(s): 8080 (http) with context path ''
2023-06-07 23:11:50.757 INFO  [main] org.mnotario.angular.PruebaAngularApplication - Started PruebaAngularApplication in 6.271 seconds (process running for 7.808)
2023-06-07 23:12:23.423 INFO  [http-nio-8080-exec-1] org.apache.catalina.core.ContainerBase.[Tomcat].[localhost].[/] - Initializing Spring DispatcherServlet 'dispatcherServlet'
2023-06-07 23:12:23.424 INFO  [http-nio-8080-exec-1] org.springframework.web.servlet.DispatcherServlet - Initializing Servlet 'dispatcherServlet'
2023-06-07 23:12:23.425 INFO  [http-nio-8080-exec-1] org.springframework.web.servlet.DispatcherServlet - Completed initialization in 1 ms
2023-06-07 23:20:48.606 INFO  [RMI TCP Connection(18)-127.0.0.1] org.springframework.boot.admin.SpringApplicationAdminMXBeanRegistrar$SpringApplicationAdmin - Application shutdown requested.
2023-06-07 23:20:48.625 INFO  [RMI TCP Connection(18)-127.0.0.1] org.apache.coyote.http11.Http11NioProtocol - Pausing ProtocolHandler ["http-nio-8080"]
2023-06-07 23:20:48.626 INFO  [RMI TCP Connection(18)-127.0.0.1] org.apache.catalina.core.StandardService - Stopping service [Tomcat]
2023-06-07 23:20:48.628 INFO  [RMI TCP Connection(18)-127.0.0.1] org.apache.catalina.core.ContainerBase.[Tomcat].[localhost].[/] - Destroying Spring FrameworkServlet 'dispatcherServlet'
2023-06-07 23:20:48.637 INFO  [RMI TCP Connection(18)-127.0.0.1] org.apache.coyote.http11.Http11NioProtocol - Stopping ProtocolHandler ["http-nio-8080"]
2023-06-07 23:20:48.642 INFO  [RMI TCP Connection(18)-127.0.0.1] org.apache.coyote.http11.Http11NioProtocol - Destroying ProtocolHandler ["http-nio-8080"]
2023-06-07 23:20:48.645 INFO  [RMI TCP Connection(18)-127.0.0.1] org.springframework.orm.jpa.LocalContainerEntityManagerFactoryBean - Closing JPA EntityManagerFactory for persistence unit 'default'
2023-06-07 23:20:48.649 INFO  [RMI TCP Connection(18)-127.0.0.1] com.zaxxer.hikari.HikariDataSource - HikariPool-1 - Shutdown initiated...
2023-06-07 23:20:48.663 INFO  [RMI TCP Connection(18)-127.0.0.1] com.zaxxer.hikari.HikariDataSource - HikariPool-1 - Shutdown completed.
2023-06-07 23:20:52.341 INFO  [main] org.mnotario.angular.PruebaAngularApplication - Starting PruebaAngularApplication using Java 17.0.5 with PID 14840 (C:\Users\marco\OneDrive\Escritorio\TRABAJO FIN DE CURSO\tfg\tfg\target\classes started by marco in C:\Users\marco\OneDrive\Escritorio\TRABAJO FIN DE CURSO\tfg\tfg)
2023-06-07 23:20:52.355 INFO  [main] org.mnotario.angular.PruebaAngularApplication - No active profile set, falling back to 1 default profile: "default"
2023-06-07 23:20:53.201 INFO  [main] org.springframework.data.repository.config.RepositoryConfigurationDelegate - Bootstrapping Spring Data JPA repositories in DEFAULT mode.
2023-06-07 23:20:53.354 INFO  [main] org.springframework.data.repository.config.RepositoryConfigurationDelegate - Finished Spring Data repository scanning in 139 ms. Found 5 JPA repository interfaces.
2023-06-07 23:20:54.127 INFO  [main] org.springframework.boot.web.embedded.tomcat.TomcatWebServer - Tomcat initialized with port(s): 8080 (http)
2023-06-07 23:20:54.144 INFO  [main] org.apache.coyote.http11.Http11NioProtocol - Initializing ProtocolHandler ["http-nio-8080"]
2023-06-07 23:20:54.146 INFO  [main] org.apache.catalina.core.StandardService - Starting service [Tomcat]
2023-06-07 23:20:54.148 INFO  [main] org.apache.catalina.core.StandardEngine - Starting Servlet engine: [Apache Tomcat/10.1.5]
2023-06-07 23:20:54.293 INFO  [main] org.apache.catalina.core.ContainerBase.[Tomcat].[localhost].[/] - Initializing Spring embedded WebApplicationContext
2023-06-07 23:20:54.294 INFO  [main] org.springframework.boot.web.servlet.context.ServletWebServerApplicationContext - Root WebApplicationContext: initialization completed in 1870 ms
2023-06-07 23:20:54.566 INFO  [main] org.hibernate.jpa.internal.util.LogHelper - HHH000204: Processing PersistenceUnitInfo [name: default]
2023-06-07 23:20:54.645 INFO  [main] org.hibernate.Version - HHH000412: Hibernate ORM core version 6.1.7.Final
2023-06-07 23:20:55.101 INFO  [main] com.zaxxer.hikari.HikariDataSource - HikariPool-1 - Starting...
2023-06-07 23:20:55.349 INFO  [main] com.zaxxer.hikari.pool.HikariPool - HikariPool-1 - Added connection com.mysql.cj.jdbc.ConnectionImpl@e06ec83
2023-06-07 23:20:55.352 INFO  [main] com.zaxxer.hikari.HikariDataSource - HikariPool-1 - Start completed.
2023-06-07 23:20:55.408 WARN  [main] org.hibernate.dialect.Dialect - HHH000511: The 5.5.0 version for [org.hibernate.dialect.MariaDBDialect] is no longer supported, hence certain features may not work properly. The minimum supported version is 5.7.0. Check the community dialects project for available legacy versions.
2023-06-07 23:20:55.416 INFO  [main] SQL dialect - HHH000400: Using dialect: org.hibernate.dialect.MariaDBDialect
2023-06-07 23:20:56.921 INFO  [main] org.hibernate.engine.transaction.jta.platform.internal.JtaPlatformInitiator - HHH000490: Using JtaPlatform implementation: [org.hibernate.engine.transaction.jta.platform.internal.NoJtaPlatform]
2023-06-07 23:20:56.936 INFO  [main] org.springframework.orm.jpa.LocalContainerEntityManagerFactoryBean - Initialized JPA EntityManagerFactory for persistence unit 'default'
2023-06-07 23:20:56.988 WARN  [main] org.springframework.boot.autoconfigure.orm.jpa.JpaBaseConfiguration$JpaWebConfiguration - spring.jpa.open-in-view is enabled by default. Therefore, database queries may be performed during view rendering. Explicitly configure spring.jpa.open-in-view to disable this warning
2023-06-07 23:20:58.068 INFO  [main] org.apache.coyote.http11.Http11NioProtocol - Starting ProtocolHandler ["http-nio-8080"]
2023-06-07 23:20:58.100 INFO  [main] org.springframework.boot.web.embedded.tomcat.TomcatWebServer - Tomcat started on port(s): 8080 (http) with context path ''
2023-06-07 23:20:58.114 INFO  [main] org.mnotario.angular.PruebaAngularApplication - Started PruebaAngularApplication in 6.391 seconds (process running for 8.08)
2023-06-07 23:21:15.416 INFO  [http-nio-8080-exec-2] org.apache.catalina.core.ContainerBase.[Tomcat].[localhost].[/] - Initializing Spring DispatcherServlet 'dispatcherServlet'
2023-06-07 23:21:15.417 INFO  [http-nio-8080-exec-2] org.springframework.web.servlet.DispatcherServlet - Initializing Servlet 'dispatcherServlet'
2023-06-07 23:21:15.419 INFO  [http-nio-8080-exec-2] org.springframework.web.servlet.DispatcherServlet - Completed initialization in 1 ms
2023-06-07 23:21:31.416 INFO  [RMI TCP Connection(9)-127.0.0.1] org.springframework.boot.admin.SpringApplicationAdminMXBeanRegistrar$SpringApplicationAdmin - Application shutdown requested.
2023-06-07 23:21:31.436 INFO  [RMI TCP Connection(9)-127.0.0.1] org.apache.coyote.http11.Http11NioProtocol - Pausing ProtocolHandler ["http-nio-8080"]
2023-06-07 23:21:31.436 INFO  [RMI TCP Connection(9)-127.0.0.1] org.apache.catalina.core.StandardService - Stopping service [Tomcat]
2023-06-07 23:21:31.439 INFO  [RMI TCP Connection(9)-127.0.0.1] org.apache.catalina.core.ContainerBase.[Tomcat].[localhost].[/] - Destroying Spring FrameworkServlet 'dispatcherServlet'
2023-06-07 23:21:31.447 INFO  [RMI TCP Connection(9)-127.0.0.1] org.apache.coyote.http11.Http11NioProtocol - Stopping ProtocolHandler ["http-nio-8080"]
2023-06-07 23:21:31.451 INFO  [RMI TCP Connection(9)-127.0.0.1] org.apache.coyote.http11.Http11NioProtocol - Destroying ProtocolHandler ["http-nio-8080"]
2023-06-07 23:21:31.455 INFO  [RMI TCP Connection(9)-127.0.0.1] org.springframework.orm.jpa.LocalContainerEntityManagerFactoryBean - Closing JPA EntityManagerFactory for persistence unit 'default'
2023-06-07 23:21:31.458 INFO  [RMI TCP Connection(9)-127.0.0.1] com.zaxxer.hikari.HikariDataSource - HikariPool-1 - Shutdown initiated...
2023-06-07 23:21:31.472 INFO  [RMI TCP Connection(9)-127.0.0.1] com.zaxxer.hikari.HikariDataSource - HikariPool-1 - Shutdown completed.
2023-06-07 23:21:35.063 INFO  [main] org.mnotario.angular.PruebaAngularApplication - Starting PruebaAngularApplication using Java 17.0.5 with PID 5264 (C:\Users\marco\OneDrive\Escritorio\TRABAJO FIN DE CURSO\tfg\tfg\target\classes started by marco in C:\Users\marco\OneDrive\Escritorio\TRABAJO FIN DE CURSO\tfg\tfg)
2023-06-07 23:21:35.079 INFO  [main] org.mnotario.angular.PruebaAngularApplication - No active profile set, falling back to 1 default profile: "default"
2023-06-07 23:21:35.970 INFO  [main] org.springframework.data.repository.config.RepositoryConfigurationDelegate - Bootstrapping Spring Data JPA repositories in DEFAULT mode.
2023-06-07 23:21:36.071 INFO  [main] org.springframework.data.repository.config.RepositoryConfigurationDelegate - Finished Spring Data repository scanning in 86 ms. Found 5 JPA repository interfaces.
2023-06-07 23:21:36.861 INFO  [main] org.springframework.boot.web.embedded.tomcat.TomcatWebServer - Tomcat initialized with port(s): 8080 (http)
2023-06-07 23:21:36.874 INFO  [main] org.apache.coyote.http11.Http11NioProtocol - Initializing ProtocolHandler ["http-nio-8080"]
2023-06-07 23:21:36.876 INFO  [main] org.apache.catalina.core.StandardService - Starting service [Tomcat]
2023-06-07 23:21:36.877 INFO  [main] org.apache.catalina.core.StandardEngine - Starting Servlet engine: [Apache Tomcat/10.1.5]
2023-06-07 23:21:37.027 INFO  [main] org.apache.catalina.core.ContainerBase.[Tomcat].[localhost].[/] - Initializing Spring embedded WebApplicationContext
2023-06-07 23:21:37.028 INFO  [main] org.springframework.boot.web.servlet.context.ServletWebServerApplicationContext - Root WebApplicationContext: initialization completed in 1880 ms
2023-06-07 23:21:37.294 INFO  [main] org.hibernate.jpa.internal.util.LogHelper - HHH000204: Processing PersistenceUnitInfo [name: default]
2023-06-07 23:21:37.365 INFO  [main] org.hibernate.Version - HHH000412: Hibernate ORM core version 6.1.7.Final
2023-06-07 23:21:37.761 INFO  [main] com.zaxxer.hikari.HikariDataSource - HikariPool-1 - Starting...
2023-06-07 23:21:38.007 INFO  [main] com.zaxxer.hikari.pool.HikariPool - HikariPool-1 - Added connection com.mysql.cj.jdbc.ConnectionImpl@1c171746
2023-06-07 23:21:38.009 INFO  [main] com.zaxxer.hikari.HikariDataSource - HikariPool-1 - Start completed.
2023-06-07 23:21:38.065 WARN  [main] org.hibernate.dialect.Dialect - HHH000511: The 5.5.0 version for [org.hibernate.dialect.MariaDBDialect] is no longer supported, hence certain features may not work properly. The minimum supported version is 5.7.0. Check the community dialects project for available legacy versions.
2023-06-07 23:21:38.072 INFO  [main] SQL dialect - HHH000400: Using dialect: org.hibernate.dialect.MariaDBDialect
2023-06-07 23:21:39.490 INFO  [main] org.hibernate.engine.transaction.jta.platform.internal.JtaPlatformInitiator - HHH000490: Using JtaPlatform implementation: [org.hibernate.engine.transaction.jta.platform.internal.NoJtaPlatform]
2023-06-07 23:21:39.506 INFO  [main] org.springframework.orm.jpa.LocalContainerEntityManagerFactoryBean - Initialized JPA EntityManagerFactory for persistence unit 'default'
2023-06-07 23:21:40.127 WARN  [main] org.springframework.boot.autoconfigure.orm.jpa.JpaBaseConfiguration$JpaWebConfiguration - spring.jpa.open-in-view is enabled by default. Therefore, database queries may be performed during view rendering. Explicitly configure spring.jpa.open-in-view to disable this warning
2023-06-07 23:21:40.258 WARN  [main] org.springframework.boot.web.servlet.context.AnnotationConfigServletWebServerApplicationContext - Exception encountered during context initialization - cancelling refresh attempt: org.springframework.beans.factory.BeanCreationException: Error creating bean with name 'defaultServletHandlerMapping' defined in class path resource [org/springframework/web/servlet/config/annotation/DelegatingWebMvcConfiguration.class]: Failed to instantiate [org.springframework.web.servlet.HandlerMapping]: Factory method 'defaultServletHandlerMapping' threw exception with message: Unable to locate the default servlet for serving static content. Please set the 'defaultServletName' property explicitly.
2023-06-07 23:21:40.259 INFO  [main] org.springframework.orm.jpa.LocalContainerEntityManagerFactoryBean - Closing JPA EntityManagerFactory for persistence unit 'default'
2023-06-07 23:21:40.263 INFO  [main] com.zaxxer.hikari.HikariDataSource - HikariPool-1 - Shutdown initiated...
2023-06-07 23:21:40.280 INFO  [main] com.zaxxer.hikari.HikariDataSource - HikariPool-1 - Shutdown completed.
2023-06-07 23:21:40.283 INFO  [main] org.apache.catalina.core.StandardService - Stopping service [Tomcat]
2023-06-07 23:21:40.301 INFO  [main] org.springframework.boot.autoconfigure.logging.ConditionEvaluationReportLogger - 

Error starting ApplicationContext. To display the condition evaluation report re-run your application with 'debug' enabled.
2023-06-07 23:21:40.328 ERROR [main] org.springframework.boot.SpringApplication - Application run failed
org.springframework.beans.factory.BeanCreationException: Error creating bean with name 'defaultServletHandlerMapping' defined in class path resource [org/springframework/web/servlet/config/annotation/DelegatingWebMvcConfiguration.class]: Failed to instantiate [org.springframework.web.servlet.HandlerMapping]: Factory method 'defaultServletHandlerMapping' threw exception with message: Unable to locate the default servlet for serving static content. Please set the 'defaultServletName' property explicitly.
	at org.springframework.beans.factory.support.ConstructorResolver.instantiate(ConstructorResolver.java:657) ~[spring-beans-6.0.6.jar:6.0.6]
	at org.springframework.beans.factory.support.ConstructorResolver.instantiateUsingFactoryMethod(ConstructorResolver.java:491) ~[spring-beans-6.0.6.jar:6.0.6]
	at org.springframework.beans.factory.support.AbstractAutowireCapableBeanFactory.instantiateUsingFactoryMethod(AbstractAutowireCapableBeanFactory.java:1324) ~[spring-beans-6.0.6.jar:6.0.6]
	at org.springframework.beans.factory.support.AbstractAutowireCapableBeanFactory.createBeanInstance(AbstractAutowireCapableBeanFactory.java:1161) ~[spring-beans-6.0.6.jar:6.0.6]
	at org.springframework.beans.factory.support.AbstractAutowireCapableBeanFactory.doCreateBean(AbstractAutowireCapableBeanFactory.java:561) ~[spring-beans-6.0.6.jar:6.0.6]
	at org.springframework.beans.factory.support.AbstractAutowireCapableBeanFactory.createBean(AbstractAutowireCapableBeanFactory.java:521) ~[spring-beans-6.0.6.jar:6.0.6]
	at org.springframework.beans.factory.support.AbstractBeanFactory.lambda$doGetBean$0(AbstractBeanFactory.java:326) ~[spring-beans-6.0.6.jar:6.0.6]
	at org.springframework.beans.factory.support.DefaultSingletonBeanRegistry.getSingleton(DefaultSingletonBeanRegistry.java:234) ~[spring-beans-6.0.6.jar:6.0.6]
	at org.springframework.beans.factory.support.AbstractBeanFactory.doGetBean(AbstractBeanFactory.java:324) ~[spring-beans-6.0.6.jar:6.0.6]
	at org.springframework.beans.factory.support.AbstractBeanFactory.getBean(AbstractBeanFactory.java:200) ~[spring-beans-6.0.6.jar:6.0.6]
	at org.springframework.beans.factory.support.DefaultListableBeanFactory.preInstantiateSingletons(DefaultListableBeanFactory.java:961) ~[spring-beans-6.0.6.jar:6.0.6]
	at org.springframework.context.support.AbstractApplicationContext.finishBeanFactoryInitialization(AbstractApplicationContext.java:917) ~[spring-context-6.0.6.jar:6.0.6]
	at org.springframework.context.support.AbstractApplicationContext.refresh(AbstractApplicationContext.java:584) ~[spring-context-6.0.6.jar:6.0.6]
	at org.springframework.boot.web.servlet.context.ServletWebServerApplicationContext.refresh(ServletWebServerApplicationContext.java:146) ~[spring-boot-3.0.4.jar:3.0.4]
	at org.springframework.boot.SpringApplication.refresh(SpringApplication.java:732) ~[spring-boot-3.0.4.jar:3.0.4]
	at org.springframework.boot.SpringApplication.refreshContext(SpringApplication.java:434) ~[spring-boot-3.0.4.jar:3.0.4]
	at org.springframework.boot.SpringApplication.run(SpringApplication.java:310) ~[spring-boot-3.0.4.jar:3.0.4]
	at org.springframework.boot.SpringApplication.run(SpringApplication.java:1304) ~[spring-boot-3.0.4.jar:3.0.4]
	at org.springframework.boot.SpringApplication.run(SpringApplication.java:1293) ~[spring-boot-3.0.4.jar:3.0.4]
	at org.mnotario.angular.PruebaAngularApplication.main(PruebaAngularApplication.java:17) ~[classes/:?]
Caused by: org.springframework.beans.BeanInstantiationException: Failed to instantiate [org.springframework.web.servlet.HandlerMapping]: Factory method 'defaultServletHandlerMapping' threw exception with message: Unable to locate the default servlet for serving static content. Please set the 'defaultServletName' property explicitly.
	at org.springframework.beans.factory.support.SimpleInstantiationStrategy.instantiate(SimpleInstantiationStrategy.java:171) ~[spring-beans-6.0.6.jar:6.0.6]
	at org.springframework.beans.factory.support.ConstructorResolver.instantiate(ConstructorResolver.java:653) ~[spring-beans-6.0.6.jar:6.0.6]
	... 19 more
Caused by: java.lang.IllegalStateException: Unable to locate the default servlet for serving static content. Please set the 'defaultServletName' property explicitly.
	at org.springframework.web.servlet.resource.DefaultServletHttpRequestHandler.setServletContext(DefaultServletHttpRequestHandler.java:111) ~[spring-webmvc-6.0.6.jar:6.0.6]
	at org.springframework.web.servlet.config.annotation.DefaultServletHandlerConfigurer.enable(DefaultServletHandlerConfigurer.java:85) ~[spring-webmvc-6.0.6.jar:6.0.6]
	at org.springframework.web.servlet.config.annotation.DefaultServletHandlerConfigurer.enable(DefaultServletHandlerConfigurer.java:71) ~[spring-webmvc-6.0.6.jar:6.0.6]
	at org.mnotario.angular.config.WebConfig.configureDefaultServletHandling(WebConfig.java:17) ~[classes/:?]
	at org.springframework.web.servlet.config.annotation.WebMvcConfigurerComposite.configureDefaultServletHandling(WebMvcConfigurerComposite.java:74) ~[spring-webmvc-6.0.6.jar:6.0.6]
	at org.springframework.web.servlet.config.annotation.DelegatingWebMvcConfiguration.configureDefaultServletHandling(DelegatingWebMvcConfiguration.java:73) ~[spring-webmvc-6.0.6.jar:6.0.6]
	at org.springframework.web.servlet.config.annotation.WebMvcConfigurationSupport.defaultServletHandlerMapping(WebMvcConfigurationSupport.java:623) ~[spring-webmvc-6.0.6.jar:6.0.6]
	at jdk.internal.reflect.NativeMethodAccessorImpl.invoke0(Native Method) ~[?:?]
	at jdk.internal.reflect.NativeMethodAccessorImpl.invoke(NativeMethodAccessorImpl.java:77) ~[?:?]
	at jdk.internal.reflect.DelegatingMethodAccessorImpl.invoke(DelegatingMethodAccessorImpl.java:43) ~[?:?]
	at java.lang.reflect.Method.invoke(Method.java:568) ~[?:?]
	at org.springframework.beans.factory.support.SimpleInstantiationStrategy.instantiate(SimpleInstantiationStrategy.java:139) ~[spring-beans-6.0.6.jar:6.0.6]
	at org.springframework.beans.factory.support.ConstructorResolver.instantiate(ConstructorResolver.java:653) ~[spring-beans-6.0.6.jar:6.0.6]
	... 19 more
2023-06-07 23:22:14.499 INFO  [main] org.mnotario.angular.PruebaAngularApplication - Starting PruebaAngularApplication using Java 17.0.5 with PID 4784 (C:\Users\marco\OneDrive\Escritorio\TRABAJO FIN DE CURSO\tfg\tfg\target\classes started by marco in C:\Users\marco\OneDrive\Escritorio\TRABAJO FIN DE CURSO\tfg\tfg)
2023-06-07 23:22:14.513 INFO  [main] org.mnotario.angular.PruebaAngularApplication - No active profile set, falling back to 1 default profile: "default"
2023-06-07 23:22:15.399 INFO  [main] org.springframework.data.repository.config.RepositoryConfigurationDelegate - Bootstrapping Spring Data JPA repositories in DEFAULT mode.
2023-06-07 23:22:15.502 INFO  [main] org.springframework.data.repository.config.RepositoryConfigurationDelegate - Finished Spring Data repository scanning in 88 ms. Found 5 JPA repository interfaces.
2023-06-07 23:22:16.276 INFO  [main] org.springframework.boot.web.embedded.tomcat.TomcatWebServer - Tomcat initialized with port(s): 8080 (http)
2023-06-07 23:22:16.292 INFO  [main] org.apache.coyote.http11.Http11NioProtocol - Initializing ProtocolHandler ["http-nio-8080"]
2023-06-07 23:22:16.294 INFO  [main] org.apache.catalina.core.StandardService - Starting service [Tomcat]
2023-06-07 23:22:16.296 INFO  [main] org.apache.catalina.core.StandardEngine - Starting Servlet engine: [Apache Tomcat/10.1.5]
2023-06-07 23:22:16.463 INFO  [main] org.apache.catalina.core.ContainerBase.[Tomcat].[localhost].[/] - Initializing Spring embedded WebApplicationContext
2023-06-07 23:22:16.465 INFO  [main] org.springframework.boot.web.servlet.context.ServletWebServerApplicationContext - Root WebApplicationContext: initialization completed in 1884 ms
2023-06-07 23:22:16.742 INFO  [main] org.hibernate.jpa.internal.util.LogHelper - HHH000204: Processing PersistenceUnitInfo [name: default]
2023-06-07 23:22:16.822 INFO  [main] org.hibernate.Version - HHH000412: Hibernate ORM core version 6.1.7.Final
2023-06-07 23:22:17.242 INFO  [main] com.zaxxer.hikari.HikariDataSource - HikariPool-1 - Starting...
2023-06-07 23:22:17.491 INFO  [main] com.zaxxer.hikari.pool.HikariPool - HikariPool-1 - Added connection com.mysql.cj.jdbc.ConnectionImpl@7cdfa824
2023-06-07 23:22:17.493 INFO  [main] com.zaxxer.hikari.HikariDataSource - HikariPool-1 - Start completed.
2023-06-07 23:22:17.551 WARN  [main] org.hibernate.dialect.Dialect - HHH000511: The 5.5.0 version for [org.hibernate.dialect.MariaDBDialect] is no longer supported, hence certain features may not work properly. The minimum supported version is 5.7.0. Check the community dialects project for available legacy versions.
2023-06-07 23:22:17.558 INFO  [main] SQL dialect - HHH000400: Using dialect: org.hibernate.dialect.MariaDBDialect
2023-06-07 23:22:19.032 INFO  [main] org.hibernate.engine.transaction.jta.platform.internal.JtaPlatformInitiator - HHH000490: Using JtaPlatform implementation: [org.hibernate.engine.transaction.jta.platform.internal.NoJtaPlatform]
2023-06-07 23:22:19.048 INFO  [main] org.springframework.orm.jpa.LocalContainerEntityManagerFactoryBean - Initialized JPA EntityManagerFactory for persistence unit 'default'
2023-06-07 23:22:19.762 WARN  [main] org.springframework.boot.autoconfigure.orm.jpa.JpaBaseConfiguration$JpaWebConfiguration - spring.jpa.open-in-view is enabled by default. Therefore, database queries may be performed during view rendering. Explicitly configure spring.jpa.open-in-view to disable this warning
2023-06-07 23:22:20.225 INFO  [main] org.apache.coyote.http11.Http11NioProtocol - Starting ProtocolHandler ["http-nio-8080"]
2023-06-07 23:22:20.257 INFO  [main] org.springframework.boot.web.embedded.tomcat.TomcatWebServer - Tomcat started on port(s): 8080 (http) with context path ''
2023-06-07 23:22:20.271 INFO  [main] org.mnotario.angular.PruebaAngularApplication - Started PruebaAngularApplication in 6.364 seconds (process running for 8.095)
2023-06-07 23:22:25.677 INFO  [http-nio-8080-exec-2] org.apache.catalina.core.ContainerBase.[Tomcat].[localhost].[/] - Initializing Spring DispatcherServlet 'dispatcherServlet'
2023-06-07 23:22:25.677 INFO  [http-nio-8080-exec-2] org.springframework.web.servlet.DispatcherServlet - Initializing Servlet 'dispatcherServlet'
2023-06-07 23:22:25.680 INFO  [http-nio-8080-exec-2] org.springframework.web.servlet.DispatcherServlet - Completed initialization in 2 ms
2023-06-07 23:22:26.289 WARN  [http-nio-8080-exec-1] org.springframework.web.servlet.mvc.support.DefaultHandlerExceptionResolver - Resolved [org.springframework.web.method.annotation.MethodArgumentTypeMismatchException: Failed to convert value of type 'java.lang.String' to required type 'java.time.LocalDate'; Failed to convert from type [java.lang.String] to type [@org.springframework.web.bind.annotation.RequestParam java.time.LocalDate] for value '2023-11-11T00:00:00.000Z']
2023-06-07 23:25:53.334 INFO  [RMI TCP Connection(14)-127.0.0.1] org.springframework.boot.admin.SpringApplicationAdminMXBeanRegistrar$SpringApplicationAdmin - Application shutdown requested.
2023-06-07 23:25:53.354 INFO  [RMI TCP Connection(14)-127.0.0.1] org.apache.coyote.http11.Http11NioProtocol - Pausing ProtocolHandler ["http-nio-8080"]
2023-06-07 23:25:53.354 INFO  [RMI TCP Connection(14)-127.0.0.1] org.apache.catalina.core.StandardService - Stopping service [Tomcat]
2023-06-07 23:25:53.357 INFO  [RMI TCP Connection(14)-127.0.0.1] org.apache.catalina.core.ContainerBase.[Tomcat].[localhost].[/] - Destroying Spring FrameworkServlet 'dispatcherServlet'
2023-06-07 23:25:53.365 INFO  [RMI TCP Connection(14)-127.0.0.1] org.apache.coyote.http11.Http11NioProtocol - Stopping ProtocolHandler ["http-nio-8080"]
2023-06-07 23:25:53.370 INFO  [RMI TCP Connection(14)-127.0.0.1] org.apache.coyote.http11.Http11NioProtocol - Destroying ProtocolHandler ["http-nio-8080"]
2023-06-07 23:25:53.375 INFO  [RMI TCP Connection(14)-127.0.0.1] org.springframework.orm.jpa.LocalContainerEntityManagerFactoryBean - Closing JPA EntityManagerFactory for persistence unit 'default'
2023-06-07 23:25:53.379 INFO  [RMI TCP Connection(14)-127.0.0.1] com.zaxxer.hikari.HikariDataSource - HikariPool-1 - Shutdown initiated...
2023-06-07 23:25:53.392 INFO  [RMI TCP Connection(14)-127.0.0.1] com.zaxxer.hikari.HikariDataSource - HikariPool-1 - Shutdown completed.
2023-06-07 23:25:56.952 INFO  [main] org.mnotario.angular.PruebaAngularApplication - Starting PruebaAngularApplication using Java 17.0.5 with PID 7748 (C:\Users\marco\OneDrive\Escritorio\TRABAJO FIN DE CURSO\tfg\tfg\target\classes started by marco in C:\Users\marco\OneDrive\Escritorio\TRABAJO FIN DE CURSO\tfg\tfg)
2023-06-07 23:25:56.966 INFO  [main] org.mnotario.angular.PruebaAngularApplication - No active profile set, falling back to 1 default profile: "default"
2023-06-07 23:25:57.853 INFO  [main] org.springframework.data.repository.config.RepositoryConfigurationDelegate - Bootstrapping Spring Data JPA repositories in DEFAULT mode.
2023-06-07 23:25:57.958 INFO  [main] org.springframework.data.repository.config.RepositoryConfigurationDelegate - Finished Spring Data repository scanning in 93 ms. Found 5 JPA repository interfaces.
2023-06-07 23:25:58.713 INFO  [main] org.springframework.boot.web.embedded.tomcat.TomcatWebServer - Tomcat initialized with port(s): 8080 (http)
2023-06-07 23:25:58.728 INFO  [main] org.apache.coyote.http11.Http11NioProtocol - Initializing ProtocolHandler ["http-nio-8080"]
2023-06-07 23:25:58.730 INFO  [main] org.apache.catalina.core.StandardService - Starting service [Tomcat]
2023-06-07 23:25:58.730 INFO  [main] org.apache.catalina.core.StandardEngine - Starting Servlet engine: [Apache Tomcat/10.1.5]
2023-06-07 23:25:58.890 INFO  [main] org.apache.catalina.core.ContainerBase.[Tomcat].[localhost].[/] - Initializing Spring embedded WebApplicationContext
2023-06-07 23:25:58.890 INFO  [main] org.springframework.boot.web.servlet.context.ServletWebServerApplicationContext - Root WebApplicationContext: initialization completed in 1863 ms
2023-06-07 23:25:59.151 INFO  [main] org.hibernate.jpa.internal.util.LogHelper - HHH000204: Processing PersistenceUnitInfo [name: default]
2023-06-07 23:25:59.225 INFO  [main] org.hibernate.Version - HHH000412: Hibernate ORM core version 6.1.7.Final
2023-06-07 23:25:59.640 INFO  [main] com.zaxxer.hikari.HikariDataSource - HikariPool-1 - Starting...
2023-06-07 23:25:59.877 INFO  [main] com.zaxxer.hikari.pool.HikariPool - HikariPool-1 - Added connection com.mysql.cj.jdbc.ConnectionImpl@318e3942
2023-06-07 23:25:59.880 INFO  [main] com.zaxxer.hikari.HikariDataSource - HikariPool-1 - Start completed.
2023-06-07 23:25:59.944 WARN  [main] org.hibernate.dialect.Dialect - HHH000511: The 5.5.0 version for [org.hibernate.dialect.MariaDBDialect] is no longer supported, hence certain features may not work properly. The minimum supported version is 5.7.0. Check the community dialects project for available legacy versions.
2023-06-07 23:25:59.952 INFO  [main] SQL dialect - HHH000400: Using dialect: org.hibernate.dialect.MariaDBDialect
2023-06-07 23:26:01.490 INFO  [main] org.hibernate.engine.transaction.jta.platform.internal.JtaPlatformInitiator - HHH000490: Using JtaPlatform implementation: [org.hibernate.engine.transaction.jta.platform.internal.NoJtaPlatform]
2023-06-07 23:26:01.505 INFO  [main] org.springframework.orm.jpa.LocalContainerEntityManagerFactoryBean - Initialized JPA EntityManagerFactory for persistence unit 'default'
2023-06-07 23:26:02.189 WARN  [main] org.springframework.boot.autoconfigure.orm.jpa.JpaBaseConfiguration$JpaWebConfiguration - spring.jpa.open-in-view is enabled by default. Therefore, database queries may be performed during view rendering. Explicitly configure spring.jpa.open-in-view to disable this warning
2023-06-07 23:26:02.683 INFO  [main] org.apache.coyote.http11.Http11NioProtocol - Starting ProtocolHandler ["http-nio-8080"]
2023-06-07 23:26:02.720 INFO  [main] org.springframework.boot.web.embedded.tomcat.TomcatWebServer - Tomcat started on port(s): 8080 (http) with context path ''
2023-06-07 23:26:02.734 INFO  [main] org.mnotario.angular.PruebaAngularApplication - Started PruebaAngularApplication in 6.368 seconds (process running for 8.004)
2023-06-07 23:26:15.278 INFO  [http-nio-8080-exec-1] org.apache.catalina.core.ContainerBase.[Tomcat].[localhost].[/] - Initializing Spring DispatcherServlet 'dispatcherServlet'
2023-06-07 23:26:15.280 INFO  [http-nio-8080-exec-1] org.springframework.web.servlet.DispatcherServlet - Initializing Servlet 'dispatcherServlet'
2023-06-07 23:26:15.282 INFO  [http-nio-8080-exec-1] org.springframework.web.servlet.DispatcherServlet - Completed initialization in 1 ms
2023-06-07 23:26:15.906 WARN  [http-nio-8080-exec-2] org.springframework.web.servlet.mvc.support.DefaultHandlerExceptionResolver - Resolved [org.springframework.web.method.annotation.MethodArgumentTypeMismatchException: Failed to convert value of type 'java.lang.String' to required type 'java.time.LocalDate'; Failed to convert from type [java.lang.String] to type [@org.springframework.web.bind.annotation.RequestParam @org.springframework.format.annotation.DateTimeFormat java.time.LocalDate] for value '2023-11-11T00:00:00.000Z']
2023-06-07 23:29:31.497 INFO  [RMI TCP Connection(14)-127.0.0.1] org.springframework.boot.admin.SpringApplicationAdminMXBeanRegistrar$SpringApplicationAdmin - Application shutdown requested.
2023-06-07 23:29:31.519 INFO  [RMI TCP Connection(14)-127.0.0.1] org.apache.coyote.http11.Http11NioProtocol - Pausing ProtocolHandler ["http-nio-8080"]
2023-06-07 23:29:31.520 INFO  [RMI TCP Connection(14)-127.0.0.1] org.apache.catalina.core.StandardService - Stopping service [Tomcat]
2023-06-07 23:29:31.523 INFO  [RMI TCP Connection(14)-127.0.0.1] org.apache.catalina.core.ContainerBase.[Tomcat].[localhost].[/] - Destroying Spring FrameworkServlet 'dispatcherServlet'
2023-06-07 23:29:31.532 INFO  [RMI TCP Connection(14)-127.0.0.1] org.apache.coyote.http11.Http11NioProtocol - Stopping ProtocolHandler ["http-nio-8080"]
2023-06-07 23:29:31.536 INFO  [RMI TCP Connection(14)-127.0.0.1] org.apache.coyote.http11.Http11NioProtocol - Destroying ProtocolHandler ["http-nio-8080"]
2023-06-07 23:29:31.541 INFO  [RMI TCP Connection(14)-127.0.0.1] org.springframework.orm.jpa.LocalContainerEntityManagerFactoryBean - Closing JPA EntityManagerFactory for persistence unit 'default'
2023-06-07 23:29:31.545 INFO  [RMI TCP Connection(14)-127.0.0.1] com.zaxxer.hikari.HikariDataSource - HikariPool-1 - Shutdown initiated...
2023-06-07 23:29:31.560 INFO  [RMI TCP Connection(14)-127.0.0.1] com.zaxxer.hikari.HikariDataSource - HikariPool-1 - Shutdown completed.
2023-06-07 23:29:35.154 INFO  [main] org.mnotario.angular.PruebaAngularApplication - Starting PruebaAngularApplication using Java 17.0.5 with PID 8460 (C:\Users\marco\OneDrive\Escritorio\TRABAJO FIN DE CURSO\tfg\tfg\target\classes started by marco in C:\Users\marco\OneDrive\Escritorio\TRABAJO FIN DE CURSO\tfg\tfg)
2023-06-07 23:29:35.168 INFO  [main] org.mnotario.angular.PruebaAngularApplication - No active profile set, falling back to 1 default profile: "default"
2023-06-07 23:29:36.157 INFO  [main] org.springframework.data.repository.config.RepositoryConfigurationDelegate - Bootstrapping Spring Data JPA repositories in DEFAULT mode.
2023-06-07 23:29:36.258 INFO  [main] org.springframework.data.repository.config.RepositoryConfigurationDelegate - Finished Spring Data repository scanning in 86 ms. Found 5 JPA repository interfaces.
2023-06-07 23:29:37.020 INFO  [main] org.springframework.boot.web.embedded.tomcat.TomcatWebServer - Tomcat initialized with port(s): 8080 (http)
2023-06-07 23:29:37.036 INFO  [main] org.apache.coyote.http11.Http11NioProtocol - Initializing ProtocolHandler ["http-nio-8080"]
2023-06-07 23:29:37.039 INFO  [main] org.apache.catalina.core.StandardService - Starting service [Tomcat]
2023-06-07 23:29:37.040 INFO  [main] org.apache.catalina.core.StandardEngine - Starting Servlet engine: [Apache Tomcat/10.1.5]
2023-06-07 23:29:37.202 INFO  [main] org.apache.catalina.core.ContainerBase.[Tomcat].[localhost].[/] - Initializing Spring embedded WebApplicationContext
2023-06-07 23:29:37.203 INFO  [main] org.springframework.boot.web.servlet.context.ServletWebServerApplicationContext - Root WebApplicationContext: initialization completed in 1971 ms
2023-06-07 23:29:37.511 INFO  [main] org.hibernate.jpa.internal.util.LogHelper - HHH000204: Processing PersistenceUnitInfo [name: default]
2023-06-07 23:29:37.585 INFO  [main] org.hibernate.Version - HHH000412: Hibernate ORM core version 6.1.7.Final
2023-06-07 23:29:37.997 INFO  [main] com.zaxxer.hikari.HikariDataSource - HikariPool-1 - Starting...
2023-06-07 23:29:38.243 INFO  [main] com.zaxxer.hikari.pool.HikariPool - HikariPool-1 - Added connection com.mysql.cj.jdbc.ConnectionImpl@c94bd18
2023-06-07 23:29:38.246 INFO  [main] com.zaxxer.hikari.HikariDataSource - HikariPool-1 - Start completed.
2023-06-07 23:29:38.302 WARN  [main] org.hibernate.dialect.Dialect - HHH000511: The 5.5.0 version for [org.hibernate.dialect.MariaDBDialect] is no longer supported, hence certain features may not work properly. The minimum supported version is 5.7.0. Check the community dialects project for available legacy versions.
2023-06-07 23:29:38.309 INFO  [main] SQL dialect - HHH000400: Using dialect: org.hibernate.dialect.MariaDBDialect
2023-06-07 23:29:39.732 INFO  [main] org.hibernate.engine.transaction.jta.platform.internal.JtaPlatformInitiator - HHH000490: Using JtaPlatform implementation: [org.hibernate.engine.transaction.jta.platform.internal.NoJtaPlatform]
2023-06-07 23:29:39.747 INFO  [main] org.springframework.orm.jpa.LocalContainerEntityManagerFactoryBean - Initialized JPA EntityManagerFactory for persistence unit 'default'
2023-06-07 23:29:40.448 WARN  [main] org.springframework.boot.autoconfigure.orm.jpa.JpaBaseConfiguration$JpaWebConfiguration - spring.jpa.open-in-view is enabled by default. Therefore, database queries may be performed during view rendering. Explicitly configure spring.jpa.open-in-view to disable this warning
2023-06-07 23:29:40.901 INFO  [main] org.apache.coyote.http11.Http11NioProtocol - Starting ProtocolHandler ["http-nio-8080"]
2023-06-07 23:29:40.932 INFO  [main] org.springframework.boot.web.embedded.tomcat.TomcatWebServer - Tomcat started on port(s): 8080 (http) with context path ''
2023-06-07 23:29:40.945 INFO  [main] org.mnotario.angular.PruebaAngularApplication - Started PruebaAngularApplication in 6.394 seconds (process running for 8.115)
2023-06-07 23:29:47.751 INFO  [http-nio-8080-exec-1] org.apache.catalina.core.ContainerBase.[Tomcat].[localhost].[/] - Initializing Spring DispatcherServlet 'dispatcherServlet'
2023-06-07 23:29:47.751 INFO  [http-nio-8080-exec-1] org.springframework.web.servlet.DispatcherServlet - Initializing Servlet 'dispatcherServlet'
2023-06-07 23:29:47.753 INFO  [http-nio-8080-exec-1] org.springframework.web.servlet.DispatcherServlet - Completed initialization in 1 ms
2023-06-07 23:29:48.354 WARN  [http-nio-8080-exec-2] org.springframework.web.servlet.mvc.support.DefaultHandlerExceptionResolver - Resolved [org.springframework.web.method.annotation.MethodArgumentConversionNotSupportedException: Failed to convert value of type 'org.springframework.web.multipart.support.StandardMultipartHttpServletRequest$StandardMultipartFile' to required type 'java.sql.Blob'; Cannot convert value of type 'org.springframework.web.multipart.support.StandardMultipartHttpServletRequest$StandardMultipartFile' to required type 'java.sql.Blob': no matching editors or conversion strategy found]
2023-06-07 23:31:21.228 INFO  [RMI TCP Connection(11)-127.0.0.1] org.springframework.boot.admin.SpringApplicationAdminMXBeanRegistrar$SpringApplicationAdmin - Application shutdown requested.
2023-06-07 23:31:21.249 INFO  [RMI TCP Connection(11)-127.0.0.1] org.apache.coyote.http11.Http11NioProtocol - Pausing ProtocolHandler ["http-nio-8080"]
2023-06-07 23:31:21.250 INFO  [RMI TCP Connection(11)-127.0.0.1] org.apache.catalina.core.StandardService - Stopping service [Tomcat]
2023-06-07 23:31:21.253 INFO  [RMI TCP Connection(11)-127.0.0.1] org.apache.catalina.core.ContainerBase.[Tomcat].[localhost].[/] - Destroying Spring FrameworkServlet 'dispatcherServlet'
2023-06-07 23:31:21.261 INFO  [RMI TCP Connection(11)-127.0.0.1] org.apache.coyote.http11.Http11NioProtocol - Stopping ProtocolHandler ["http-nio-8080"]
2023-06-07 23:31:21.264 INFO  [RMI TCP Connection(11)-127.0.0.1] org.apache.coyote.http11.Http11NioProtocol - Destroying ProtocolHandler ["http-nio-8080"]
2023-06-07 23:31:21.269 INFO  [RMI TCP Connection(11)-127.0.0.1] org.springframework.orm.jpa.LocalContainerEntityManagerFactoryBean - Closing JPA EntityManagerFactory for persistence unit 'default'
2023-06-07 23:31:21.274 INFO  [RMI TCP Connection(11)-127.0.0.1] com.zaxxer.hikari.HikariDataSource - HikariPool-1 - Shutdown initiated...
2023-06-07 23:31:21.288 INFO  [RMI TCP Connection(11)-127.0.0.1] com.zaxxer.hikari.HikariDataSource - HikariPool-1 - Shutdown completed.
2023-06-07 23:31:24.803 INFO  [main] org.mnotario.angular.PruebaAngularApplication - Starting PruebaAngularApplication using Java 17.0.5 with PID 20096 (C:\Users\marco\OneDrive\Escritorio\TRABAJO FIN DE CURSO\tfg\tfg\target\classes started by marco in C:\Users\marco\OneDrive\Escritorio\TRABAJO FIN DE CURSO\tfg\tfg)
2023-06-07 23:31:24.817 INFO  [main] org.mnotario.angular.PruebaAngularApplication - No active profile set, falling back to 1 default profile: "default"
2023-06-07 23:31:25.698 INFO  [main] org.springframework.data.repository.config.RepositoryConfigurationDelegate - Bootstrapping Spring Data JPA repositories in DEFAULT mode.
2023-06-07 23:31:25.793 INFO  [main] org.springframework.data.repository.config.RepositoryConfigurationDelegate - Finished Spring Data repository scanning in 82 ms. Found 5 JPA repository interfaces.
2023-06-07 23:31:26.528 INFO  [main] org.springframework.boot.web.embedded.tomcat.TomcatWebServer - Tomcat initialized with port(s): 8080 (http)
2023-06-07 23:31:26.544 INFO  [main] org.apache.coyote.http11.Http11NioProtocol - Initializing ProtocolHandler ["http-nio-8080"]
2023-06-07 23:31:26.545 INFO  [main] org.apache.catalina.core.StandardService - Starting service [Tomcat]
2023-06-07 23:31:26.546 INFO  [main] org.apache.catalina.core.StandardEngine - Starting Servlet engine: [Apache Tomcat/10.1.5]
2023-06-07 23:31:26.696 INFO  [main] org.apache.catalina.core.ContainerBase.[Tomcat].[localhost].[/] - Initializing Spring embedded WebApplicationContext
2023-06-07 23:31:26.696 INFO  [main] org.springframework.boot.web.servlet.context.ServletWebServerApplicationContext - Root WebApplicationContext: initialization completed in 1818 ms
2023-06-07 23:31:26.954 INFO  [main] org.hibernate.jpa.internal.util.LogHelper - HHH000204: Processing PersistenceUnitInfo [name: default]
2023-06-07 23:31:27.028 INFO  [main] org.hibernate.Version - HHH000412: Hibernate ORM core version 6.1.7.Final
2023-06-07 23:31:27.432 INFO  [main] com.zaxxer.hikari.HikariDataSource - HikariPool-1 - Starting...
2023-06-07 23:31:27.670 INFO  [main] com.zaxxer.hikari.pool.HikariPool - HikariPool-1 - Added connection com.mysql.cj.jdbc.ConnectionImpl@1ddf42dd
2023-06-07 23:31:27.672 INFO  [main] com.zaxxer.hikari.HikariDataSource - HikariPool-1 - Start completed.
2023-06-07 23:31:27.732 WARN  [main] org.hibernate.dialect.Dialect - HHH000511: The 5.5.0 version for [org.hibernate.dialect.MariaDBDialect] is no longer supported, hence certain features may not work properly. The minimum supported version is 5.7.0. Check the community dialects project for available legacy versions.
2023-06-07 23:31:27.742 INFO  [main] SQL dialect - HHH000400: Using dialect: org.hibernate.dialect.MariaDBDialect
2023-06-07 23:31:28.063 ERROR [main] org.springframework.orm.jpa.LocalContainerEntityManagerFactoryBean - Failed to initialize JPA EntityManagerFactory: Could not determine recommended JdbcType for `org.springframework.web.multipart.MultipartFile`
2023-06-07 23:31:28.064 WARN  [main] org.springframework.boot.web.servlet.context.AnnotationConfigServletWebServerApplicationContext - Exception encountered during context initialization - cancelling refresh attempt: org.springframework.beans.factory.BeanCreationException: Error creating bean with name 'entityManagerFactory' defined in class path resource [org/springframework/boot/autoconfigure/orm/jpa/HibernateJpaConfiguration.class]: Could not determine recommended JdbcType for `org.springframework.web.multipart.MultipartFile`
2023-06-07 23:31:28.065 INFO  [main] com.zaxxer.hikari.HikariDataSource - HikariPool-1 - Shutdown initiated...
2023-06-07 23:31:28.085 INFO  [main] com.zaxxer.hikari.HikariDataSource - HikariPool-1 - Shutdown completed.
2023-06-07 23:31:28.091 INFO  [main] org.apache.catalina.core.StandardService - Stopping service [Tomcat]
2023-06-07 23:31:28.110 INFO  [main] org.springframework.boot.autoconfigure.logging.ConditionEvaluationReportLogger - 

Error starting ApplicationContext. To display the condition evaluation report re-run your application with 'debug' enabled.
2023-06-07 23:31:28.136 ERROR [main] org.springframework.boot.SpringApplication - Application run failed
org.springframework.beans.factory.BeanCreationException: Error creating bean with name 'entityManagerFactory' defined in class path resource [org/springframework/boot/autoconfigure/orm/jpa/HibernateJpaConfiguration.class]: Could not determine recommended JdbcType for `org.springframework.web.multipart.MultipartFile`
	at org.springframework.beans.factory.support.AbstractAutowireCapableBeanFactory.initializeBean(AbstractAutowireCapableBeanFactory.java:1762) ~[spring-beans-6.0.6.jar:6.0.6]
	at org.springframework.beans.factory.support.AbstractAutowireCapableBeanFactory.doCreateBean(AbstractAutowireCapableBeanFactory.java:599) ~[spring-beans-6.0.6.jar:6.0.6]
	at org.springframework.beans.factory.support.AbstractAutowireCapableBeanFactory.createBean(AbstractAutowireCapableBeanFactory.java:521) ~[spring-beans-6.0.6.jar:6.0.6]
	at org.springframework.beans.factory.support.AbstractBeanFactory.lambda$doGetBean$0(AbstractBeanFactory.java:326) ~[spring-beans-6.0.6.jar:6.0.6]
	at org.springframework.beans.factory.support.DefaultSingletonBeanRegistry.getSingleton(DefaultSingletonBeanRegistry.java:234) ~[spring-beans-6.0.6.jar:6.0.6]
	at org.springframework.beans.factory.support.AbstractBeanFactory.doGetBean(AbstractBeanFactory.java:324) ~[spring-beans-6.0.6.jar:6.0.6]
	at org.springframework.beans.factory.support.AbstractBeanFactory.getBean(AbstractBeanFactory.java:200) ~[spring-beans-6.0.6.jar:6.0.6]
	at org.springframework.context.support.AbstractApplicationContext.getBean(AbstractApplicationContext.java:1132) ~[spring-context-6.0.6.jar:6.0.6]
	at org.springframework.context.support.AbstractApplicationContext.finishBeanFactoryInitialization(AbstractApplicationContext.java:907) ~[spring-context-6.0.6.jar:6.0.6]
	at org.springframework.context.support.AbstractApplicationContext.refresh(AbstractApplicationContext.java:584) ~[spring-context-6.0.6.jar:6.0.6]
	at org.springframework.boot.web.servlet.context.ServletWebServerApplicationContext.refresh(ServletWebServerApplicationContext.java:146) ~[spring-boot-3.0.4.jar:3.0.4]
	at org.springframework.boot.SpringApplication.refresh(SpringApplication.java:732) ~[spring-boot-3.0.4.jar:3.0.4]
	at org.springframework.boot.SpringApplication.refreshContext(SpringApplication.java:434) ~[spring-boot-3.0.4.jar:3.0.4]
	at org.springframework.boot.SpringApplication.run(SpringApplication.java:310) ~[spring-boot-3.0.4.jar:3.0.4]
	at org.springframework.boot.SpringApplication.run(SpringApplication.java:1304) ~[spring-boot-3.0.4.jar:3.0.4]
	at org.springframework.boot.SpringApplication.run(SpringApplication.java:1293) ~[spring-boot-3.0.4.jar:3.0.4]
	at org.mnotario.angular.PruebaAngularApplication.main(PruebaAngularApplication.java:17) ~[classes/:?]
Caused by: org.hibernate.type.descriptor.java.spi.JdbcTypeRecommendationException: Could not determine recommended JdbcType for `org.springframework.web.multipart.MultipartFile`
	at org.hibernate.type.descriptor.java.spi.UnknownBasicJavaType.getRecommendedJdbcType(UnknownBasicJavaType.java:37) ~[hibernate-core-6.1.7.Final.jar:6.1.7.Final]
	at org.hibernate.boot.model.process.internal.InferredBasicValueResolver.from(InferredBasicValueResolver.java:222) ~[hibernate-core-6.1.7.Final.jar:6.1.7.Final]
	at org.hibernate.mapping.BasicValue.buildResolution(BasicValue.java:507) ~[hibernate-core-6.1.7.Final.jar:6.1.7.Final]
	at org.hibernate.mapping.BasicValue.resolve(BasicValue.java:315) ~[hibernate-core-6.1.7.Final.jar:6.1.7.Final]
	at org.hibernate.mapping.BasicValue.resolve(BasicValue.java:305) ~[hibernate-core-6.1.7.Final.jar:6.1.7.Final]
	at org.hibernate.boot.internal.InFlightMetadataCollectorImpl.lambda$processValueResolvers$4(InFlightMetadataCollectorImpl.java:1767) ~[hibernate-core-6.1.7.Final.jar:6.1.7.Final]
	at java.util.ArrayList.removeIf(ArrayList.java:1682) ~[?:?]
	at java.util.ArrayList.removeIf(ArrayList.java:1660) ~[?:?]
	at org.hibernate.boot.internal.InFlightMetadataCollectorImpl.processValueResolvers(InFlightMetadataCollectorImpl.java:1766) ~[hibernate-core-6.1.7.Final.jar:6.1.7.Final]
	at org.hibernate.boot.internal.InFlightMetadataCollectorImpl.processSecondPasses(InFlightMetadataCollectorImpl.java:1752) ~[hibernate-core-6.1.7.Final.jar:6.1.7.Final]
	at org.hibernate.boot.model.process.spi.MetadataBuildingProcess.complete(MetadataBuildingProcess.java:300) ~[hibernate-core-6.1.7.Final.jar:6.1.7.Final]
	at org.hibernate.jpa.boot.internal.EntityManagerFactoryBuilderImpl.metadata(EntityManagerFactoryBuilderImpl.java:1348) ~[hibernate-core-6.1.7.Final.jar:6.1.7.Final]
	at org.hibernate.jpa.boot.internal.EntityManagerFactoryBuilderImpl.build(EntityManagerFactoryBuilderImpl.java:1419) ~[hibernate-core-6.1.7.Final.jar:6.1.7.Final]
	at org.springframework.orm.jpa.vendor.SpringHibernateJpaPersistenceProvider.createContainerEntityManagerFactory(SpringHibernateJpaPersistenceProvider.java:66) ~[spring-orm-6.0.6.jar:6.0.6]
	at org.springframework.orm.jpa.LocalContainerEntityManagerFactoryBean.createNativeEntityManagerFactory(LocalContainerEntityManagerFactoryBean.java:376) ~[spring-orm-6.0.6.jar:6.0.6]
	at org.springframework.orm.jpa.AbstractEntityManagerFactoryBean.buildNativeEntityManagerFactory(AbstractEntityManagerFactoryBean.java:409) ~[spring-orm-6.0.6.jar:6.0.6]
	at org.springframework.orm.jpa.AbstractEntityManagerFactoryBean.afterPropertiesSet(AbstractEntityManagerFactoryBean.java:396) ~[spring-orm-6.0.6.jar:6.0.6]
	at org.springframework.orm.jpa.LocalContainerEntityManagerFactoryBean.afterPropertiesSet(LocalContainerEntityManagerFactoryBean.java:352) ~[spring-orm-6.0.6.jar:6.0.6]
	at org.springframework.beans.factory.support.AbstractAutowireCapableBeanFactory.invokeInitMethods(AbstractAutowireCapableBeanFactory.java:1808) ~[spring-beans-6.0.6.jar:6.0.6]
	at org.springframework.beans.factory.support.AbstractAutowireCapableBeanFactory.initializeBean(AbstractAutowireCapableBeanFactory.java:1758) ~[spring-beans-6.0.6.jar:6.0.6]
	... 16 more
