2023-06-11 20:38:47.526 INFO  [main] org.mnotario.angular.EventifyApp - Starting PruebaAngularApplication using Java 17.0.6 with PID 10388 (C:\Users\sukit\OneDrive\Escritorio\tfg\tfg\target\classes started by sukit in C:\Users\sukit\OneDrive\Escritorio\tfg\tfg)
2023-06-11 20:38:47.550 INFO  [main] org.mnotario.angular.EventifyApp - No active profile set, falling back to 1 default profile: "default"
2023-06-11 20:38:48.227 INFO  [main] org.springframework.data.repository.config.RepositoryConfigurationDelegate - Bootstrapping Spring Data JPA repositories in DEFAULT mode.
2023-06-11 20:38:48.307 INFO  [main] org.springframework.data.repository.config.RepositoryConfigurationDelegate - Finished Spring Data repository scanning in 68 ms. Found 5 JPA repository interfaces.
2023-06-11 20:38:48.923 INFO  [main] org.springframework.boot.web.embedded.tomcat.TomcatWebServer - Tomcat initialized with port(s): 8080 (http)
2023-06-11 20:38:48.939 INFO  [main] org.apache.coyote.http11.Http11NioProtocol - Initializing ProtocolHandler ["http-nio-8080"]
2023-06-11 20:38:48.940 INFO  [main] org.apache.catalina.core.StandardService - Starting service [Tomcat]
2023-06-11 20:38:48.941 INFO  [main] org.apache.catalina.core.StandardEngine - Starting Servlet engine: [Apache Tomcat/10.1.5]
2023-06-11 20:38:49.084 INFO  [main] org.apache.catalina.core.ContainerBase.[Tomcat].[localhost].[/] - Initializing Spring embedded WebApplicationContext
2023-06-11 20:38:49.085 INFO  [main] org.springframework.boot.web.servlet.context.ServletWebServerApplicationContext - Root WebApplicationContext: initialization completed in 1482 ms
2023-06-11 20:38:49.295 INFO  [main] org.hibernate.jpa.internal.util.LogHelper - HHH000204: Processing PersistenceUnitInfo [name: default]
2023-06-11 20:38:49.395 INFO  [main] org.hibernate.Version - HHH000412: Hibernate ORM core version 6.1.7.Final
2023-06-11 20:38:49.678 INFO  [main] com.zaxxer.hikari.HikariDataSource - HikariPool-1 - Starting...
2023-06-11 20:38:49.841 INFO  [main] com.zaxxer.hikari.pool.HikariPool - HikariPool-1 - Added connection com.mysql.cj.jdbc.ConnectionImpl@5d37aa0f
2023-06-11 20:38:49.843 INFO  [main] com.zaxxer.hikari.HikariDataSource - HikariPool-1 - Start completed.
2023-06-11 20:38:49.878 WARN  [main] org.hibernate.dialect.Dialect - HHH000511: The 5.5.0 version for [org.hibernate.dialect.MariaDBDialect] is no longer supported, hence certain features may not work properly. The minimum supported version is 5.7.0. Check the community dialects project for available legacy versions.
2023-06-11 20:38:49.883 INFO  [main] SQL dialect - HHH000400: Using dialect: org.hibernate.dialect.MariaDBDialect
2023-06-11 20:38:50.817 INFO  [main] org.hibernate.engine.transaction.jta.platform.internal.JtaPlatformInitiator - HHH000490: Using JtaPlatform implementation: [org.hibernate.engine.transaction.jta.platform.internal.NoJtaPlatform]
2023-06-11 20:38:50.826 INFO  [main] org.springframework.orm.jpa.LocalContainerEntityManagerFactoryBean - Initialized JPA EntityManagerFactory for persistence unit 'default'
2023-06-11 20:38:51.213 WARN  [main] org.springframework.boot.autoconfigure.orm.jpa.JpaBaseConfiguration$JpaWebConfiguration - spring.jpa.open-in-view is enabled by default. Therefore, database queries may be performed during view rendering. Explicitly configure spring.jpa.open-in-view to disable this warning
2023-06-11 20:38:51.496 INFO  [main] org.apache.coyote.http11.Http11NioProtocol - Starting ProtocolHandler ["http-nio-8080"]
2023-06-11 20:38:51.515 INFO  [main] org.springframework.boot.web.embedded.tomcat.TomcatWebServer - Tomcat started on port(s): 8080 (http) with context path ''
2023-06-11 20:38:51.523 INFO  [main] org.mnotario.angular.EventifyApp - Started PruebaAngularApplication in 4.399 seconds (process running for 5.337)
2023-06-11 20:41:32.213 INFO  [http-nio-8080-exec-2] org.apache.catalina.core.ContainerBase.[Tomcat].[localhost].[/] - Initializing Spring DispatcherServlet 'dispatcherServlet'
2023-06-11 20:41:32.221 INFO  [http-nio-8080-exec-2] org.springframework.web.servlet.DispatcherServlet - Initializing Servlet 'dispatcherServlet'
2023-06-11 20:41:32.221 INFO  [http-nio-8080-exec-2] org.springframework.web.servlet.DispatcherServlet - Completed initialization in 0 ms
2023-06-11 20:42:02.390 INFO  [http-nio-8080-exec-7] org.mnotario.angular.controllers.EventoController - NOMBRE BUSCADO: METROOO
2023-06-11 20:42:54.624 INFO  [http-nio-8080-exec-8] org.mnotario.angular.controllers.EventoController - NOMBRE BUSCADO: METROOO
2023-06-11 20:43:16.843 INFO  [http-nio-8080-exec-7] org.mnotario.angular.controllers.EventoController - NOMBRE BUSCADO: METROOO
2023-06-11 20:43:37.713 INFO  [http-nio-8080-exec-5] org.mnotario.angular.controllers.EventoController - NOMBRE BUSCADO: METROOO
2023-06-11 20:43:39.045 INFO  [http-nio-8080-exec-9] org.mnotario.angular.controllers.InscripcionController - USUARIO A INSCRIBIR: feli
2023-06-11 20:43:39.046 INFO  [http-nio-8080-exec-9] org.mnotario.angular.controllers.InscripcionController - EVENTO A INSCRIBIR: METROOO
2023-06-11 20:43:39.100 INFO  [http-nio-8080-exec-9] org.mnotario.angular.controllers.InscripcionController - INSCRIPCION CREADA: 202
2023-06-11 20:43:43.481 INFO  [http-nio-8080-exec-3] org.mnotario.angular.controllers.EventoController - NOMBRE BUSCADO: METROOO
2023-06-11 20:43:51.118 INFO  [http-nio-8080-exec-8] org.mnotario.angular.controllers.EventoController - NOMBRE BUSCADO: METROOO
2023-06-11 20:43:52.544 INFO  [http-nio-8080-exec-2] org.mnotario.angular.controllers.InscripcionController - USUARIO A INSCRIBIR: feli
2023-06-11 20:43:52.544 INFO  [http-nio-8080-exec-2] org.mnotario.angular.controllers.InscripcionController - EVENTO A INSCRIBIR: METROOO
2023-06-11 20:43:52.559 INFO  [http-nio-8080-exec-2] org.mnotario.angular.controllers.InscripcionController - INSCRIPCION CREADA: 203
2023-06-11 20:44:39.334 INFO  [http-nio-8080-exec-6] org.mnotario.angular.controllers.EventoController - NOMBRE BUSCADO: METROOO
2023-06-11 20:44:42.633 INFO  [http-nio-8080-exec-8] org.mnotario.angular.controllers.EventoController - NOMBRE BUSCADO: METROOO
2023-06-11 20:51:38.192 INFO  [http-nio-8080-exec-2] org.mnotario.angular.controllers.EventoController - NOMBRE BUSCADO: METROOO
2023-06-11 20:57:11.808 WARN  [HikariPool-1 housekeeper] com.zaxxer.hikari.pool.HikariPool - HikariPool-1 - Thread starvation or clock leap detected (housekeeper delta=3m51s915ms800µs700ns).
2023-06-11 21:02:15.895 INFO  [http-nio-8080-exec-4] org.mnotario.angular.controllers.EventoController - NOMBRE BUSCADO: METROOO
2023-06-11 21:02:17.740 INFO  [http-nio-8080-exec-9] org.mnotario.angular.controllers.InscripcionController - USUARIO A INSCRIBIR: feli
2023-06-11 21:02:17.742 INFO  [http-nio-8080-exec-9] org.mnotario.angular.controllers.InscripcionController - EVENTO A INSCRIBIR: METROOO
2023-06-11 21:02:17.758 INFO  [http-nio-8080-exec-9] org.mnotario.angular.controllers.InscripcionController - INSCRIPCION CREADA: 204
2023-06-11 21:02:19.601 INFO  [http-nio-8080-exec-3] org.mnotario.angular.controllers.EventoController - NOMBRE BUSCADO: METROOO
2023-06-11 21:02:23.519 INFO  [http-nio-8080-exec-6] org.mnotario.angular.controllers.InscripcionController - USUARIO A INSCRIBIR: feli
2023-06-11 21:02:23.522 INFO  [http-nio-8080-exec-6] org.mnotario.angular.controllers.InscripcionController - EVENTO A INSCRIBIR: METROOO
2023-06-11 21:02:23.539 INFO  [http-nio-8080-exec-6] org.mnotario.angular.controllers.InscripcionController - INSCRIPCION CREADA: 205
2023-06-11 21:03:42.347 INFO  [http-nio-8080-exec-6] org.mnotario.angular.controllers.EventoController - NOMBRE BUSCADO: METROOO
2023-06-11 21:03:43.948 INFO  [http-nio-8080-exec-2] org.mnotario.angular.controllers.InscripcionController - USUARIO A INSCRIBIR: feli
2023-06-11 21:03:43.949 INFO  [http-nio-8080-exec-2] org.mnotario.angular.controllers.InscripcionController - EVENTO A INSCRIBIR: METROOO
2023-06-11 21:03:43.963 INFO  [http-nio-8080-exec-2] org.mnotario.angular.controllers.InscripcionController - INSCRIPCION CREADA: 206
2023-06-11 21:03:45.974 INFO  [http-nio-8080-exec-4] org.mnotario.angular.controllers.EventoController - NOMBRE BUSCADO: METROOO
2023-06-11 21:06:10.946 INFO  [http-nio-8080-exec-9] org.mnotario.angular.controllers.EventoController - NOMBRE BUSCADO: METROOO
2023-06-11 21:06:13.431 INFO  [http-nio-8080-exec-5] org.mnotario.angular.controllers.InscripcionController - USUARIO A INSCRIBIR: feli
2023-06-11 21:06:13.433 INFO  [http-nio-8080-exec-5] org.mnotario.angular.controllers.InscripcionController - EVENTO A INSCRIBIR: METROOO
2023-06-11 21:06:13.447 INFO  [http-nio-8080-exec-5] org.mnotario.angular.controllers.InscripcionController - INSCRIPCION CREADA: 207
2023-06-11 21:06:16.065 INFO  [http-nio-8080-exec-6] org.mnotario.angular.controllers.EventoController - NOMBRE BUSCADO: METROOO
2023-06-11 21:06:17.597 INFO  [http-nio-8080-exec-2] org.mnotario.angular.controllers.InscripcionController - USUARIO A INSCRIBIR: feli
2023-06-11 21:06:17.598 INFO  [http-nio-8080-exec-2] org.mnotario.angular.controllers.InscripcionController - EVENTO A INSCRIBIR: METROOO
2023-06-11 21:06:17.613 INFO  [http-nio-8080-exec-2] org.mnotario.angular.controllers.InscripcionController - INSCRIPCION CREADA: 208
2023-06-11 21:06:22.129 INFO  [http-nio-8080-exec-4] org.mnotario.angular.controllers.EventoController - NOMBRE BUSCADO: METROOO
2023-06-11 21:09:47.988 INFO  [http-nio-8080-exec-1] org.mnotario.angular.controllers.EventoController - NOMBRE BUSCADO: METROOO
2023-06-11 21:32:23.255 INFO  [RMI TCP Connection(56)-127.0.0.1] org.springframework.boot.admin.SpringApplicationAdminMXBeanRegistrar$SpringApplicationAdmin - Application shutdown requested.
2023-06-11 21:32:23.273 INFO  [RMI TCP Connection(56)-127.0.0.1] org.apache.coyote.http11.Http11NioProtocol - Pausing ProtocolHandler ["http-nio-8080"]
2023-06-11 21:32:23.273 INFO  [RMI TCP Connection(56)-127.0.0.1] org.apache.catalina.core.StandardService - Stopping service [Tomcat]
2023-06-11 21:32:23.275 INFO  [RMI TCP Connection(56)-127.0.0.1] org.apache.catalina.core.ContainerBase.[Tomcat].[localhost].[/] - Destroying Spring FrameworkServlet 'dispatcherServlet'
2023-06-11 21:32:23.280 INFO  [RMI TCP Connection(56)-127.0.0.1] org.apache.coyote.http11.Http11NioProtocol - Stopping ProtocolHandler ["http-nio-8080"]
2023-06-11 21:32:23.282 INFO  [RMI TCP Connection(56)-127.0.0.1] org.apache.coyote.http11.Http11NioProtocol - Destroying ProtocolHandler ["http-nio-8080"]
2023-06-11 21:32:23.287 INFO  [RMI TCP Connection(56)-127.0.0.1] org.springframework.orm.jpa.LocalContainerEntityManagerFactoryBean - Closing JPA EntityManagerFactory for persistence unit 'default'
2023-06-11 21:32:23.292 INFO  [RMI TCP Connection(56)-127.0.0.1] com.zaxxer.hikari.HikariDataSource - HikariPool-1 - Shutdown initiated...
2023-06-11 21:32:23.298 INFO  [RMI TCP Connection(56)-127.0.0.1] com.zaxxer.hikari.HikariDataSource - HikariPool-1 - Shutdown completed.
2023-06-11 22:46:12.268 INFO  [main] org.mnotario.angular.EventifyApp - Starting PruebaAngularApplication using Java 17.0.6 with PID 16948 (C:\Users\sukit\OneDrive\Escritorio\tfg\tfg\target\classes started by sukit in C:\Users\sukit\OneDrive\Escritorio\tfg\tfg)
2023-06-11 22:46:12.281 INFO  [main] org.mnotario.angular.EventifyApp - No active profile set, falling back to 1 default profile: "default"
2023-06-11 22:46:12.837 INFO  [main] org.springframework.data.repository.config.RepositoryConfigurationDelegate - Bootstrapping Spring Data JPA repositories in DEFAULT mode.
2023-06-11 22:46:12.900 INFO  [main] org.springframework.data.repository.config.RepositoryConfigurationDelegate - Finished Spring Data repository scanning in 53 ms. Found 5 JPA repository interfaces.
2023-06-11 22:46:13.368 INFO  [main] org.springframework.boot.web.embedded.tomcat.TomcatWebServer - Tomcat initialized with port(s): 8080 (http)
2023-06-11 22:46:13.377 INFO  [main] org.apache.coyote.http11.Http11NioProtocol - Initializing ProtocolHandler ["http-nio-8080"]
2023-06-11 22:46:13.378 INFO  [main] org.apache.catalina.core.StandardService - Starting service [Tomcat]
2023-06-11 22:46:13.379 INFO  [main] org.apache.catalina.core.StandardEngine - Starting Servlet engine: [Apache Tomcat/10.1.5]
2023-06-11 22:46:13.469 INFO  [main] org.apache.catalina.core.ContainerBase.[Tomcat].[localhost].[/] - Initializing Spring embedded WebApplicationContext
2023-06-11 22:46:13.469 INFO  [main] org.springframework.boot.web.servlet.context.ServletWebServerApplicationContext - Root WebApplicationContext: initialization completed in 1149 ms
2023-06-11 22:46:13.632 INFO  [main] org.hibernate.jpa.internal.util.LogHelper - HHH000204: Processing PersistenceUnitInfo [name: default]
2023-06-11 22:46:13.697 INFO  [main] org.hibernate.Version - HHH000412: Hibernate ORM core version 6.1.7.Final
2023-06-11 22:46:14.049 INFO  [main] com.zaxxer.hikari.HikariDataSource - HikariPool-1 - Starting...
2023-06-11 22:46:14.221 INFO  [main] com.zaxxer.hikari.pool.HikariPool - HikariPool-1 - Added connection com.mysql.cj.jdbc.ConnectionImpl@68a5aadd
2023-06-11 22:46:14.224 INFO  [main] com.zaxxer.hikari.HikariDataSource - HikariPool-1 - Start completed.
2023-06-11 22:46:14.265 WARN  [main] org.hibernate.dialect.Dialect - HHH000511: The 5.5.0 version for [org.hibernate.dialect.MariaDBDialect] is no longer supported, hence certain features may not work properly. The minimum supported version is 5.7.0. Check the community dialects project for available legacy versions.
2023-06-11 22:46:14.271 INFO  [main] SQL dialect - HHH000400: Using dialect: org.hibernate.dialect.MariaDBDialect
2023-06-11 22:46:15.296 INFO  [main] org.hibernate.engine.transaction.jta.platform.internal.JtaPlatformInitiator - HHH000490: Using JtaPlatform implementation: [org.hibernate.engine.transaction.jta.platform.internal.NoJtaPlatform]
2023-06-11 22:46:15.306 INFO  [main] org.springframework.orm.jpa.LocalContainerEntityManagerFactoryBean - Initialized JPA EntityManagerFactory for persistence unit 'default'
2023-06-11 22:46:15.777 WARN  [main] org.springframework.boot.autoconfigure.orm.jpa.JpaBaseConfiguration$JpaWebConfiguration - spring.jpa.open-in-view is enabled by default. Therefore, database queries may be performed during view rendering. Explicitly configure spring.jpa.open-in-view to disable this warning
2023-06-11 22:46:16.067 INFO  [main] org.apache.coyote.http11.Http11NioProtocol - Starting ProtocolHandler ["http-nio-8080"]
2023-06-11 22:46:16.086 INFO  [main] org.springframework.boot.web.embedded.tomcat.TomcatWebServer - Tomcat started on port(s): 8080 (http) with context path ''
2023-06-11 22:46:16.092 INFO  [main] org.mnotario.angular.EventifyApp - Started PruebaAngularApplication in 4.156 seconds (process running for 5.06)
2023-06-11 22:50:06.575 INFO  [http-nio-8080-exec-1] org.apache.catalina.core.ContainerBase.[Tomcat].[localhost].[/] - Initializing Spring DispatcherServlet 'dispatcherServlet'
2023-06-11 22:50:06.575 INFO  [http-nio-8080-exec-1] org.springframework.web.servlet.DispatcherServlet - Initializing Servlet 'dispatcherServlet'
2023-06-11 22:50:06.575 INFO  [http-nio-8080-exec-1] org.springframework.web.servlet.DispatcherServlet - Completed initialization in 0 ms
2023-06-11 22:50:14.287 INFO  [http-nio-8080-exec-3] org.mnotario.angular.controllers.EventoController - NOMBRE BUSCADO: METROOO
